cc735e24d Doc: Documentation updates for ibm-svf-volumegroup feature.
2025/10/17 09:09:26
all develop-inst-nodeps: /opt/stack/tempest
all installed: attrs==25.3.0,autopage==0.5.2,bcrypt==4.0.1,certifi==2025.10.5,cffi==1.17.1,charset-normalizer==3.4.2,cinder-tempest-plugin @ git+https://opendev.org/openstack/cinder-tempest-plugin.git@058e172729cde892e61ee65c931d5defc0d3d81c,cliff==4.11.0,cmd2==2.7.0,cryptography==43.0.3,debtcollector==3.0.0,defusedxml==0.7.1,fasteners==0.19,fixtures==4.2.5,idna==3.10,iso8601==2.1.0,jsonschema==4.25.0,jsonschema-specifications==2025.4.1,markdown-it-py==3.0.0,mdurl==0.1.2,msgpack==1.1.1,netaddr==1.3.0,oslo.concurrency==7.2.0,oslo.config==10.0.0,oslo.context==6.1.0,oslo.i18n==6.6.0,oslo.log==7.2.1,oslo.serialization==5.8.0,oslo.utils==9.1.0,packaging==25.0,paramiko==3.5.1,pbr==7.0.1,prettytable==3.16.0,psutil==7.0.0,pycparser==2.22,Pygments==2.19.2,PyNaCl==1.5.0,pyparsing==3.2.3,pyperclip==1.9.0,python-dateutil==2.9.0.post0,python-subunit==1.4.4,PyYAML==6.0.2,referencing==0.36.2,requests==2.32.4,rfc3986==2.0.0,rich==14.1.0,rich-argparse==1.7.1,rpds-py==0.26.0,six==1.17.0,stestr==4.2.0,stevedore==5.5.0,-e git+https://opendev.org/openstack/tempest.git@cce8eba502fa2c0cebb1633111e73bae6a69d2f0#egg=tempest,testscenarios==0.5.0,testtools==2.7.2,tomlkit==0.13.3,typing_extensions==4.14.1,tzdata==2025.2,urllib3==1.26.20,voluptuous==0.15.2,wcwidth==0.2.13,wrapt==1.17.2
all run-test-pre: PYTHONHASHSEED='1454323845'
all run-test: commands[0] | find . -type f -name '*.pyc' -delete
all run-test: commands[1] | tempest run --regex '^(?=.*volume|.*cinder_tempest_plugin).*' --concurrency=4 --exclude-list /opt/stack/tempest/exclude_testcases_fc.txt
{3} setUpClass (tempest.api.compute.admin.test_live_migration.LiveMigrationTest) ... SKIPPED: LiveMigrationTest skipped as live-migration is not available
{3} setUpClass (tempest.api.compute.admin.test_live_migration.LiveMigrationWithoutHostTest) ... SKIPPED: LiveMigrationWithoutHostTest skipped as live-migration is not available
{1} setUpClass (tempest.api.compute.admin.test_live_migration.LiveAutoBlockMigrationV225Test) ... SKIPPED: LiveAutoBlockMigrationV225Test skipped as live-migration is not available
{2} tempest.api.compute.admin.test_volumes_negative.VolumesAdminNegativeTest.test_update_attached_volume_with_nonexistent_volume_in_body ... SKIPPED: Skipped until bug: https://launchpad.net/bugs/2112187 is resolved.
{3} tempest.api.compute.admin.test_volume_swap.TestVolumeSwap.test_volume_swap ... SKIPPED: Skipped until bug: https://launchpad.net/bugs/2112187 is resolved.
{2} tempest.api.compute.admin.test_volumes_negative.VolumesAdminNegativeTest.test_update_attached_volume_with_nonexistent_volume_in_uri [22.700609s] ... ok
{2} tempest.api.compute.servers.test_device_tagging.TaggedAttachmentsTest.test_tagged_attachment [128.614952s] ... ok
{0} tempest.api.compute.admin.test_assisted_volume_snapshots.VolumesAssistedSnapshotsTest.test_volume_assisted_snapshot_create_delete [188.731533s] ... ok
{3} tempest.api.compute.servers.test_server_rescue.ServerStableDeviceRescueTest.test_stable_device_rescue_disk_virtio_with_volume_attached [182.180747s] ... ok
{1} tempest.api.compute.admin.test_volume_swap.TestMultiAttachVolumeSwap.test_volume_swap_with_multiattach [214.427158s] ... ok
{1} tempest.api.compute.admin.test_volumes_negative.UpdateMultiattachVolumeNegativeTest.test_multiattach_rw_volume_update_failure ... SKIPPED: Skipped until bug: https://launchpad.net/bugs/2112187 is resolved.
{3} tempest.api.compute.servers.test_servers_negative.ServersNegativeTestJSON.test_create_server_from_non_bootable_volume [4.139467s] ... ok
{3} tempest.api.compute.servers.test_servers_negative.ServersNegativeTestJSON.test_create_server_invalid_bdm_in_2nd_dict [3.951239s] ... ok
{1} tempest.api.compute.servers.test_delete_server.DeleteServersTestJSON.test_delete_server_while_in_attached_volume [41.717082s] ... ok
{0} tempest.api.compute.admin.test_volume.AttachSCSIVolumeTestJSON.test_attach_scsi_disk_with_config_drive [91.586366s] ... ok
{2} tempest.api.compute.servers.test_device_tagging.TaggedBootDevicesTest.test_tagged_boot_devices [124.127186s] ... ok
{0} tempest.api.compute.servers.test_device_tagging.TaggedBootDevicesTest_v242.test_tagged_boot_devices [121.826915s] ... ok
{3} tempest.api.compute.volumes.test_attach_volume_negative.AttachVolumeNegativeTest.test_attach_attached_volume_to_different_server [198.147124s] ... ok
{1} tempest.api.compute.servers.test_server_actions.ServerActionsTestOtherA.test_rebuild_server_with_volume_attached [182.346236s] ... ok
{2} tempest.api.compute.volumes.test_attach_volume.AttachVolumeTestJSON.test_attach_detach_volume [244.617551s] ... ok
{3} tempest.api.compute.volumes.test_attach_volume_negative.AttachVolumeNegativeTest.test_attach_attached_volume_to_same_server [116.171953s] ... ok
{0} tempest.api.compute.servers.test_server_actions.ServerActionsV293TestJSON.test_rebuild_volume_backed_server [129.179501s] ... ok
{1} tempest.api.compute.servers.test_server_actions.ServerActionsTestOtherA.test_resize_volume_backed_server_confirm [129.750809s] ... ok
{0} tempest.api.compute.servers.test_server_rescue_negative.ServerRescueNegativeTestJSON.test_rescued_vm_attach_volume [22.002911s] ... ok
{3} tempest.api.compute.volumes.test_attach_volume_negative.AttachVolumeNegativeTest.test_delete_attached_volume [114.721396s] ... ok
{3} tempest.api.volume.admin.test_backends_capabilities.BackendsCapabilitiesAdminTestsJSON.test_compare_volume_stats_values [1.073235s] ... ok
{3} tempest.api.volume.admin.test_backends_capabilities.BackendsCapabilitiesAdminTestsJSON.test_get_capabilities_backend [0.543748s] ... ok
{2} tempest.api.compute.volumes.test_attach_volume.AttachVolumeTestJSON.test_list_get_volume_attachments [161.580460s] ... ok
{3} tempest.api.volume.admin.test_group_snapshots.GroupSnapshotsV319Test.test_reset_group_snapshot_status [60.110484s] ... ok
{2} tempest.api.compute.volumes.test_volumes_list.VolumesTestJSON.test_volume_list [0.076223s] ... ok
{2} tempest.api.compute.volumes.test_volumes_list.VolumesTestJSON.test_volume_list_param_limit [0.092971s] ... ok
{2} tempest.api.compute.volumes.test_volumes_list.VolumesTestJSON.test_volume_list_param_offset_and_limit [0.174600s] ... ok
{2} tempest.api.compute.volumes.test_volumes_list.VolumesTestJSON.test_volume_list_with_detail_param_limit [0.078327s] ... ok
{2} tempest.api.compute.volumes.test_volumes_list.VolumesTestJSON.test_volume_list_with_detail_param_offset_and_limit [0.158703s] ... ok
{2} tempest.api.compute.volumes.test_volumes_list.VolumesTestJSON.test_volume_list_with_details [0.079077s] ... ok
{2} tempest.api.compute.volumes.test_volumes_negative.VolumesNegativeTest.test_create_volume_with_invalid_size [0.164424s] ... ok
{2} tempest.api.compute.volumes.test_volumes_negative.VolumesNegativeTest.test_create_volume_with_size_zero [0.019835s] ... ok
{2} tempest.api.compute.volumes.test_volumes_negative.VolumesNegativeTest.test_create_volume_without_passing_size [0.019422s] ... ok
{2} tempest.api.compute.volumes.test_volumes_negative.VolumesNegativeTest.test_delete_invalid_volume_id [0.053315s] ... ok
{2} tempest.api.compute.volumes.test_volumes_negative.VolumesNegativeTest.test_delete_volume_without_passing_volume_id [0.013246s] ... ok
{2} tempest.api.compute.volumes.test_volumes_negative.VolumesNegativeTest.test_get_volume_without_passing_volume_id [0.012926s] ... ok
{2} tempest.api.compute.volumes.test_volumes_negative.VolumesNegativeTest.test_volume_delete_nonexistent_volume_id [0.051556s] ... ok
{2} tempest.api.compute.volumes.test_volumes_negative.VolumesNegativeTest.test_volume_get_nonexistent_volume_id [0.064424s] ... ok
{3} tempest.api.volume.admin.test_groups.GroupsV314Test.test_create_group_from_group [68.306001s] ... ok
{1} tempest.api.compute.servers.test_server_actions.ServerActionsTestOtherB.test_resize_server_revert_with_volume_attached [87.392475s] ... ok
{3} tempest.api.volume.admin.test_volume_quota_classes.VolumeQuotaClassesTest.test_show_default_quota [0.199197s] ... ok
{3} tempest.api.volume.admin.test_volume_quota_classes.VolumeQuotaClassesTest.test_update_default_quota [0.823127s] ... ok
{3} tempest.api.volume.admin.test_volume_quotas_negative.VolumeQuotasNegativeTestJSON.test_quota_volume_gigabytes [0.258657s] ... ok
{3} tempest.api.volume.admin.test_volume_quotas_negative.VolumeQuotasNegativeTestJSON.test_quota_volumes [0.222630s] ... ok
{3} tempest.api.volume.admin.test_volume_quotas_negative.VolumeQuotasNegativeTestJSON.test_volume_extend_gigabytes_quota_deviation [0.217151s] ... ok
{0} tempest.api.compute.servers.test_server_rescue_negative.ServerRescueNegativeTestJSON.test_rescued_vm_detach_volume [188.355392s] ... ok
{2} tempest.api.volume.admin.test_group_snapshots.GroupSnapshotsTest.test_create_group_from_group_snapshot [99.880901s] ... ok
{3} tempest.api.volume.admin.test_volume_retype.VolumeRetypeWithoutMigrationTest.test_available_volume_retype [42.680928s] ... ok
{3} tempest.api.volume.admin.test_volume_type_access.VolumeTypesAccessTest.test_volume_type_access_add [10.472496s] ... ok
{3} tempest.api.volume.admin.test_volume_type_access.VolumeTypesAccessTest.test_volume_type_access_list [0.305272s] ... ok
{3} tempest.api.volume.admin.test_volume_types_extra_specs_negative.ExtraSpecsNegativeTest.test_create_invalid_body [0.023337s] ... ok
{3} tempest.api.volume.admin.test_volume_types_extra_specs_negative.ExtraSpecsNegativeTest.test_create_none_body [0.018145s] ... ok
{3} tempest.api.volume.admin.test_volume_types_extra_specs_negative.ExtraSpecsNegativeTest.test_create_nonexistent_type_id [0.042611s] ... ok
{3} tempest.api.volume.admin.test_volume_types_extra_specs_negative.ExtraSpecsNegativeTest.test_delete_nonexistent_volume_type_id [0.023513s] ... ok
{3} tempest.api.volume.admin.test_volume_types_extra_specs_negative.ExtraSpecsNegativeTest.test_get_nonexistent_extra_spec_name [0.026260s] ... ok
{3} tempest.api.volume.admin.test_volume_types_extra_specs_negative.ExtraSpecsNegativeTest.test_get_nonexistent_volume_type_id [0.025874s] ... ok
{3} tempest.api.volume.admin.test_volume_types_extra_specs_negative.ExtraSpecsNegativeTest.test_list_nonexistent_volume_type_id [0.023257s] ... ok
{3} tempest.api.volume.admin.test_volume_types_extra_specs_negative.ExtraSpecsNegativeTest.test_update_multiple_extra_spec [0.013017s] ... ok
{3} tempest.api.volume.admin.test_volume_types_extra_specs_negative.ExtraSpecsNegativeTest.test_update_no_body [0.018652s] ... ok
{3} tempest.api.volume.admin.test_volume_types_extra_specs_negative.ExtraSpecsNegativeTest.test_update_none_extra_spec_id [0.038502s] ... ok
{3} tempest.api.volume.admin.test_volume_types_extra_specs_negative.ExtraSpecsNegativeTest.test_update_nonexistent_extra_spec_id [0.061301s] ... ok
{3} tempest.api.volume.admin.test_volume_types_extra_specs_negative.ExtraSpecsNegativeTest.test_update_nonexistent_type_id [0.022002s] ... ok
{3} tempest.api.volume.test_availability_zone.AvailabilityZoneTestJSON.test_get_availability_zone_list [0.172520s] ... ok
{3} tempest.api.volume.test_extensions.ExtensionsTestJSON.test_list_extensions [0.168023s] ... ok
{1} tempest.api.compute.servers.test_server_rescue.ServerBootFromVolumeStableRescueTest.test_stable_device_rescue_bfv_blank_volume [85.742863s] ... ok
{3} tempest.api.volume.test_image_metadata.VolumesImageMetadata.test_update_show_delete_image_metadata [0.274050s] ... ok
{3} tempest.api.volume.test_versions.VersionsTest.test_list_versions [0.017736s] ... ok
{3} tempest.api.volume.test_versions.VersionsTest.test_show_version [0.203799s] ... ok
{2} tempest.api.volume.admin.test_group_snapshots.GroupSnapshotsTest.test_delete_group_snapshots_following_updated_volumes [71.037993s] ... ok
{3} tempest.api.volume.test_volume_transfers.VolumesTransfersV355Test.test_create_get_list_accept_volume_transfer [10.574023s] ... ok
{3} tempest.api.volume.test_volume_transfers.VolumesTransfersV355Test.test_create_list_delete_volume_transfer [8.158115s] ... ok
{1} tempest.api.compute.servers.test_server_rescue.ServerBootFromVolumeStableRescueTest.test_stable_device_rescue_bfv_image_volume [84.020785s] ... ok
{3} tempest.api.volume.test_volume_transfers.VolumesTransfersV357Test.test_create_get_list_accept_volume_transfer [34.824095s] ... ok
{2} tempest.api.volume.admin.test_group_snapshots.GroupSnapshotsTest.test_group_snapshot_create_show_list_delete [60.206499s] ... ok
{2} tempest.api.volume.admin.test_groups.GroupsV320Test.test_reset_group_status [3.251806s] ... ok
{3} tempest.api.volume.test_volume_transfers.VolumesTransfersV357Test.test_create_list_delete_volume_transfer [10.310961s] ... ok
{2} setUpClass (tempest.api.volume.admin.test_snapshot_manage.SnapshotManageAdminTest) ... SKIPPED: Manage snapshot tests are disabled
{2} tempest.api.volume.admin.test_volume_pools.VolumePoolsAdminTestsJSON.test_get_pools_with_details [0.704878s] ... ok
{3} tempest.api.volume.test_volumes_get.VolumesSummaryTest.test_show_volume_summary [0.157591s] ... ok
{2} tempest.api.volume.admin.test_volume_pools.VolumePoolsAdminTestsJSON.test_get_pools_without_details [0.519674s] ... ok
{2} tempest.api.volume.admin.test_volume_quotas.VolumeQuotasAdminTestJSON.test_delete_quota [0.264202s] ... ok
{2} tempest.api.volume.admin.test_volume_quotas.VolumeQuotasAdminTestJSON.test_list_default_quotas [0.037464s] ... ok
{2} tempest.api.volume.admin.test_volume_quotas.VolumeQuotasAdminTestJSON.test_list_quotas [0.042073s] ... ok
{2} tempest.api.volume.admin.test_volume_quotas.VolumeQuotasAdminTestJSON.test_quota_usage [6.971112s] ... ok
{2} tempest.api.volume.admin.test_volume_quotas.VolumeQuotasAdminTestJSON.test_quota_usage_after_volume_transfer [11.500398s] ... ok
{2} tempest.api.volume.admin.test_volume_quotas.VolumeQuotasAdminTestJSON.test_show_quota_usage [0.068777s] ... ok
{2} tempest.api.volume.admin.test_volume_quotas.VolumeQuotasAdminTestJSON.test_update_all_quota_resources_for_tenant [0.275746s] ... ok
{1} tempest.api.compute.volumes.test_attach_volume.AttachVolumeMultiAttachTest.test_boot_from_multiattach_volume [38.896239s] ... ok
{1} tempest.api.compute.volumes.test_attach_volume.AttachVolumeMultiAttachTest.test_boot_from_multiattach_volume_direct_lun ... SKIPPED: hw_scsi_model=virtio-scsi not set on image
{1} tempest.api.compute.volumes.test_attach_volume.AttachVolumeMultiAttachTest.test_boot_with_multiattach_volume_direct_lun ... SKIPPED: hw_scsi_model=virtio-scsi not set on image
{0} tempest.api.compute.volumes.test_attach_volume.AttachVolumeShelveTestJSON.test_attach_volume_shelved_or_offload_server [189.024030s] ... ok
{2} tempest.api.volume.admin.test_volume_retype.VolumeRetypeMultiattachTest.test_volume_retype_multiattach [70.638674s] ... ok
{2} tempest.api.volume.admin.test_volume_services.VolumesServicesTestJSON.test_get_service_by_host_name [0.034407s] ... ok
{2} tempest.api.volume.admin.test_volume_services.VolumesServicesTestJSON.test_get_service_by_service_and_host_name [0.032252s] ... ok
{2} tempest.api.volume.admin.test_volume_services.VolumesServicesTestJSON.test_get_service_by_service_binary_name [0.027048s] ... ok
{2} tempest.api.volume.admin.test_volume_services.VolumesServicesTestJSON.test_get_service_by_volume_host_name [6.867746s] ... ok
{2} tempest.api.volume.admin.test_volume_services.VolumesServicesTestJSON.test_list_services [0.028616s] ... ok
{2} tempest.api.volume.admin.test_volume_types_negative.VolumeTypesNegativeTest.test_create_volume_type_encryption_nonexistent_type_id [0.245158s] ... ok
{2} tempest.api.volume.admin.test_volume_types_negative.VolumeTypesNegativeTest.test_create_volume_with_private_volume_type [0.273141s] ... ok
{2} tempest.api.volume.admin.test_volume_types_negative.VolumeTypesNegativeTest.test_create_with_empty_name [0.023864s] ... ok
{2} tempest.api.volume.admin.test_volume_types_negative.VolumeTypesNegativeTest.test_create_with_repeated_name [0.165291s] ... ok
{2} tempest.api.volume.admin.test_volume_types_negative.VolumeTypesNegativeTest.test_delete_nonexistent_type_id [0.025927s] ... ok
{2} tempest.api.volume.admin.test_volume_types_negative.VolumeTypesNegativeTest.test_get_nonexistent_type_id [0.023195s] ... ok
{2} tempest.api.volume.admin.test_volumes_actions.VolumesActionsTest.test_force_detach_volume [34.750616s] ... ok
{2} tempest.api.volume.admin.test_volumes_actions.VolumesActionsTest.test_volume_force_delete_when_volume_is_attaching [9.162366s] ... ok
{1} tempest.api.compute.volumes.test_attach_volume.AttachVolumeMultiAttachTest.test_list_get_volume_attachments_multiattach [106.484268s] ... ok
{2} tempest.api.volume.admin.test_volumes_actions.VolumesActionsTest.test_volume_force_delete_when_volume_is_creating [11.242610s] ... ok
{2} tempest.api.volume.admin.test_volumes_actions.VolumesActionsTest.test_volume_force_delete_when_volume_is_error [9.100167s] ... ok
{2} tempest.api.volume.admin.test_volumes_actions.VolumesActionsTest.test_volume_force_delete_when_volume_is_maintenance [7.872387s] ... ok
{2} tempest.api.volume.admin.test_volumes_actions.VolumesActionsTest.test_volume_reset_status [9.377755s] ... ok
{2} setUpClass (tempest.api.volume.admin.test_volumes_backup.VolumesBackupsAdminTest) ... SKIPPED: Cinder backup feature disabled
{3} tempest.scenario.test_instances_with_cinder_volumes.TestInstancesWithCinderVolumes.test_instances_with_cinder_volumes_on_all_compute_nodes [199.196422s] ... ok
{2} tempest.api.volume.test_snapshot_metadata.SnapshotMetadataTestJSON.test_crud_snapshot_metadata [0.367461s] ... ok
{2} tempest.api.volume.test_snapshot_metadata.SnapshotMetadataTestJSON.test_update_show_snapshot_metadata_item [0.293541s] ... ok
{0} tempest.api.compute.volumes.test_attach_volume.AttachVolumeShelveTestJSON.test_detach_volume_shelved_or_offload_server [159.639510s] ... ok
{0} setUpClass (tempest.api.volume.admin.test_encrypted_volumes_extend.EncryptedVolumesExtendAttachedTest) ... SKIPPED: Attached encrypted volume extend is disabled.
{2} tempest.api.volume.test_volume_absolute_limits.AbsoluteLimitsTests.test_get_volume_absolute_limits [0.063313s] ... ok
{0} tempest.api.volume.admin.test_group_type_specs.GroupTypeSpecsTest.test_group_type_specs_create_show_update_list_delete [0.513685s] ... ok
{0} tempest.api.volume.admin.test_group_types.GroupTypesTest.test_group_type_create_list_update_show_delete [0.324556s] ... ok
{0} tempest.api.volume.admin.test_group_types.GroupTypesTest.test_group_type_list_by_optional_params [0.295540s] ... ok
{0} tempest.api.volume.admin.test_groups.GroupsTest.test_group_create_show_list_delete [12.496727s] ... ok
{2} tempest.api.volume.test_volume_transfers.VolumesTransfersTest.test_create_get_list_accept_volume_transfer [11.486676s] ... ok
{2} tempest.api.volume.test_volume_transfers.VolumesTransfersTest.test_create_list_delete_volume_transfer [12.311533s] ... ok
{0} tempest.api.volume.admin.test_groups.GroupsTest.test_group_update [21.086684s] ... ok
{0} tempest.api.volume.admin.test_qos.QosSpecsTestJSON.test_associate_disassociate_qos [0.651006s] ... ok
{0} tempest.api.volume.admin.test_qos.QosSpecsTestJSON.test_create_delete_qos_with_back_end_consumer [0.182605s] ... ok
{0} tempest.api.volume.admin.test_qos.QosSpecsTestJSON.test_create_delete_qos_with_both_consumer [0.182866s] ... ok
{0} tempest.api.volume.admin.test_qos.QosSpecsTestJSON.test_create_delete_qos_with_front_end_consumer [0.169247s] ... ok
{0} tempest.api.volume.admin.test_qos.QosSpecsTestJSON.test_get_qos [0.027265s] ... ok
{0} tempest.api.volume.admin.test_qos.QosSpecsTestJSON.test_list_qos [0.028452s] ... ok
{0} tempest.api.volume.admin.test_qos.QosSpecsTestJSON.test_set_unset_qos_key [0.175062s] ... ok
{0} tempest.api.volume.admin.test_user_messages.UserMessagesTest.test_delete_message [2.053243s] ... ok
{0} tempest.api.volume.admin.test_user_messages.UserMessagesTest.test_list_show_messages [1.803958s] ... ok
{0} tempest.api.volume.admin.test_volume_hosts.VolumeHostsAdminTestsJSON.test_list_hosts [0.148513s] ... ok
{0} tempest.api.volume.admin.test_volume_hosts.VolumeHostsAdminTestsJSON.test_show_host [0.138311s] ... ok
{2} tempest.api.volume.test_volumes_actions.VolumesActionsTest.test_attach_detach_volume_to_instance [22.970759s] ... ok
{0} tempest.api.volume.admin.test_volume_manage.VolumeManageAdminTest.test_unmanage_manage_volume [23.607328s] ... ok
{0} tempest.api.volume.admin.test_volume_services_negative.VolumeServicesNegativeTest.test_disable_log_reason_with_no_reason [0.027221s] ... ok
{0} tempest.api.volume.admin.test_volume_services_negative.VolumeServicesNegativeTest.test_disable_service_with_invalid_binary [0.039353s] ... ok
{0} tempest.api.volume.admin.test_volume_services_negative.VolumeServicesNegativeTest.test_enable_service_with_invalid_host [0.048760s] ... ok
{0} tempest.api.volume.admin.test_volume_services_negative.VolumeServicesNegativeTest.test_freeze_host_with_invalid_host [0.034782s] ... ok
{0} tempest.api.volume.admin.test_volume_services_negative.VolumeServicesNegativeTest.test_thaw_host_with_invalid_host [0.031611s] ... ok
{2} tempest.api.volume.test_volumes_actions.VolumesActionsTest.test_get_volume_attachment [25.746742s] ... ok
{2} tempest.api.volume.test_volumes_actions.VolumesActionsTest.test_reserve_unreserve_volume [0.225393s] ... ok
{2} tempest.api.volume.test_volumes_actions.VolumesActionsTest.test_volume_bootable [0.213389s] ... ok
{2} tempest.api.volume.test_volumes_actions.VolumesActionsTest.test_volume_readonly_update [0.226064s] ... ok
{0} tempest.api.volume.admin.test_volume_snapshot_quotas_negative.VolumeSnapshotQuotasNegativeTestJSON.test_quota_volume_gigabytes_snapshots [0.237717s] ... ok
{0} tempest.api.volume.admin.test_volume_snapshot_quotas_negative.VolumeSnapshotQuotasNegativeTestJSON.test_quota_volume_snapshots [0.087481s] ... ok
{1} tempest.api.compute.volumes.test_attach_volume.AttachVolumeMultiAttachTest.test_resize_server_with_multiattached_volume [214.952346s] ... ok
{2} tempest.api.volume.test_volumes_actions.VolumesActionsTest.test_volume_upload [32.630471s] ... ok
{3} tempest.scenario.test_shelve_instance.TestShelveInstance.test_shelve_volume_backed_instance [184.188889s] ... ok
{2} setUpClass (tempest.api.volume.test_volumes_backup.VolumesBackupsTest) ... SKIPPED: Cinder backup feature disabled
{0} tempest.api.volume.admin.test_volume_types.VolumeTypesTest.test_volume_crud_with_volume_type_and_extra_specs [12.026655s] ... ok
{0} tempest.api.volume.admin.test_volume_types.VolumeTypesTest.test_volume_type_create_get_delete [0.168843s] ... ok
{0} tempest.api.volume.admin.test_volume_types.VolumeTypesTest.test_volume_type_encryption_create_get_update_delete [0.507145s] ... ok
{0} tempest.api.volume.admin.test_volume_types.VolumeTypesTest.test_volume_type_list [0.053331s] ... ok
{0} tempest.api.volume.admin.test_volume_types.VolumeTypesTest.test_volume_type_update [0.237855s] ... ok
{0} tempest.api.volume.admin.test_volume_types_extra_specs.VolumeTypesExtraSpecsTest.test_volume_type_extra_spec_create_get_delete [0.178221s] ... ok
{0} tempest.api.volume.admin.test_volume_types_extra_specs.VolumeTypesExtraSpecsTest.test_volume_type_extra_specs_list [0.136514s] ... ok
{0} tempest.api.volume.admin.test_volume_types_extra_specs.VolumeTypesExtraSpecsTest.test_volume_type_extra_specs_update [0.227724s] ... ok
{2} tempest.api.volume.test_volumes_get.VolumesGetTest.test_volume_create_get_update_delete [24.153822s] ... ok
{2} tempest.api.volume.test_volumes_get.VolumesGetTest.test_volume_create_get_update_delete_as_clone [92.225127s] ... ok
{1} tempest.api.compute.volumes.test_volume_snapshots.VolumesSnapshotsTestJSON.test_volume_snapshot_create_get_list_delete [82.555871s] ... ok
{0} tempest.api.volume.test_volume_delete_cascade.VolumesDeleteCascade.test_volume_delete_cascade [109.688034s] ... ok
{1} tempest.api.compute.volumes.test_volumes_get.VolumesGetTestJSON.test_volume_create_get_delete [6.082969s] ... ok
{1} setUpClass (tempest.api.volume.admin.test_multi_backend.VolumeMultiBackendTest) ... SKIPPED: Cinder multi-backend feature disabled
{2} tempest.api.volume.test_volumes_get.VolumesGetTest.test_volume_create_get_update_delete_from_image [46.598107s] ... ok
{1} tempest.api.volume.admin.test_snapshots_actions.SnapshotsActionsTest.test_reset_snapshot_status [0.303370s] ... ok
{2} tempest.api.volume.test_volumes_list.VolumesListTestJSON.test_volume_list [0.045313s] ... ok
{2} tempest.api.volume.test_volumes_list.VolumesListTestJSON.test_volume_list_by_name [0.063030s] ... ok
{2} tempest.api.volume.test_volumes_list.VolumesListTestJSON.test_volume_list_details_by_name [0.063252s] ... ok
{2} tempest.api.volume.test_volumes_list.VolumesListTestJSON.test_volume_list_details_pagination [0.322107s] ... ok
{2} tempest.api.volume.test_volumes_list.VolumesListTestJSON.test_volume_list_details_with_multiple_params [0.164510s] ... ok
{2} tempest.api.volume.test_volumes_list.VolumesListTestJSON.test_volume_list_pagination [0.199115s] ... ok
{2} tempest.api.volume.test_volumes_list.VolumesListTestJSON.test_volume_list_param_display_name_and_status [0.060975s] ... ok
{2} tempest.api.volume.test_volumes_list.VolumesListTestJSON.test_volume_list_with_detail_param_display_name_and_status [0.083717s] ... ok
{2} tempest.api.volume.test_volumes_list.VolumesListTestJSON.test_volume_list_with_detail_param_marker [0.087921s] ... ok
{2} tempest.api.volume.test_volumes_list.VolumesListTestJSON.test_volume_list_with_detail_param_metadata [0.095861s] ... ok
{2} tempest.api.volume.test_volumes_list.VolumesListTestJSON.test_volume_list_with_details [0.064243s] ... ok
{2} tempest.api.volume.test_volumes_list.VolumesListTestJSON.test_volume_list_with_param_metadata [0.058757s] ... ok
{2} tempest.api.volume.test_volumes_list.VolumesListTestJSON.test_volumes_list_by_availability_zone [0.126349s] ... ok
{2} tempest.api.volume.test_volumes_list.VolumesListTestJSON.test_volumes_list_by_bootable [0.129801s] ... ok
{2} tempest.api.volume.test_volumes_list.VolumesListTestJSON.test_volumes_list_by_status [0.122020s] ... ok
{2} tempest.api.volume.test_volumes_list.VolumesListTestJSON.test_volumes_list_details_by_availability_zone [0.100245s] ... ok
{2} tempest.api.volume.test_volumes_list.VolumesListTestJSON.test_volumes_list_details_by_bootable [0.072764s] ... ok
{2} tempest.api.volume.test_volumes_list.VolumesListTestJSON.test_volumes_list_details_by_status [0.059570s] ... ok
{1} tempest.api.volume.admin.test_snapshots_actions.SnapshotsActionsTest.test_snapshot_force_delete_when_snapshot_is_creating [38.916131s] ... ok
{0} tempest.api.volume.test_volume_delete_cascade.VolumesDeleteCascade.test_volume_from_snapshot_cascade_delete [97.743226s] ... ok
{1} tempest.api.volume.admin.test_snapshots_actions.SnapshotsActionsTest.test_snapshot_force_delete_when_snapshot_is_deleting [60.704269s] ... ok
{0} tempest.api.volume.test_volume_metadata.VolumesMetadataTest.test_crud_volume_metadata [0.327312s] ... ok
{0} tempest.api.volume.test_volume_metadata.VolumesMetadataTest.test_update_show_volume_metadata_item [0.237174s] ... ok
{0} setUpClass (tempest.api.volume.test_volumes_backup.VolumesBackupsV39Test) ... SKIPPED: Cinder backup feature disabled
{2} tempest.api.volume.test_volumes_snapshots_list.VolumesSnapshotListTestJSON.test_snapshot_list_param_limit [0.034145s] ... ok
{2} tempest.api.volume.test_volumes_snapshots_list.VolumesSnapshotListTestJSON.test_snapshot_list_param_limit_equals_infinite [0.074191s] ... ok
{2} tempest.api.volume.test_volumes_snapshots_list.VolumesSnapshotListTestJSON.test_snapshot_list_param_limit_equals_zero [0.035191s] ... ok
{2} tempest.api.volume.test_volumes_snapshots_list.VolumesSnapshotListTestJSON.test_snapshot_list_param_marker [0.099706s] ... ok
{2} tempest.api.volume.test_volumes_snapshots_list.VolumesSnapshotListTestJSON.test_snapshot_list_param_offset [0.050172s] ... ok
{2} tempest.api.volume.test_volumes_snapshots_list.VolumesSnapshotListTestJSON.test_snapshot_list_param_sort_created_at_asc [0.049726s] ... ok
{2} tempest.api.volume.test_volumes_snapshots_list.VolumesSnapshotListTestJSON.test_snapshot_list_param_sort_created_at_desc [0.038049s] ... ok
{2} tempest.api.volume.test_volumes_snapshots_list.VolumesSnapshotListTestJSON.test_snapshot_list_param_sort_id_asc [0.039944s] ... ok
{2} tempest.api.volume.test_volumes_snapshots_list.VolumesSnapshotListTestJSON.test_snapshot_list_param_sort_id_desc [0.041959s] ... ok
{2} tempest.api.volume.test_volumes_snapshots_list.VolumesSnapshotListTestJSON.test_snapshot_list_param_sort_name_asc [0.044014s] ... ok
{2} tempest.api.volume.test_volumes_snapshots_list.VolumesSnapshotListTestJSON.test_snapshot_list_param_sort_name_desc [0.049637s] ... ok
{2} tempest.api.volume.test_volumes_snapshots_list.VolumesSnapshotListTestJSON.test_snapshots_list_details_with_params [0.132771s] ... ok
{2} tempest.api.volume.test_volumes_snapshots_list.VolumesSnapshotListTestJSON.test_snapshots_list_with_params [0.127758s] ... ok
{1} tempest.api.volume.admin.test_snapshots_actions.SnapshotsActionsTest.test_snapshot_force_delete_when_snapshot_is_error [59.705104s] ... ok
{3} tempest.scenario.test_stamp_pattern.TestStampPattern.test_stamp_pattern [345.582741s] ... ok
{1} tempest.api.volume.admin.test_snapshots_actions.SnapshotsActionsTest.test_snapshot_force_delete_when_snapshot_is_error_deleting [59.729761s] ... ok
{1} tempest.api.volume.admin.test_snapshots_actions.SnapshotsActionsTest.test_update_snapshot_status [0.251250s] ... ok
{3} cinder_tempest_plugin.api.volume.test_create_from_image.VolumeAndVolumeTypeFromImageTest.test_create_from_image_with_volume_type_image_property [45.494713s] ... ok
{1} setUpClass (tempest.api.volume.admin.test_volume_retype.VolumeRetypeWithMigrationTest) ... SKIPPED: Cinder multi-backend feature disabled
{3} cinder_tempest_plugin.api.volume.test_volume_unicode.CinderUnicodeTest.test_create_delete_unicode_volume_name [0.030471s] ... ok
{3} cinder_tempest_plugin.api.volume.test_volume_unicode.CinderUnicodeTest.test_snapshot_create_volume_description_non_ascii_code [15.245484s] ... ok
{1} tempest.api.volume.admin.test_volumes_list.VolumesListAdminTestJSON.test_volume_list_param_tenant [4.712710s] ... ok
{0} tempest.api.volume.test_volumes_extend.VolumesExtendAttachedTest.test_extend_attached_volume [230.430586s] ... ok
{3} setUpClass (cinder_tempest_plugin.rbac.v3.test_backups.ProjectAdminTests39) ... SKIPPED: Tempest is not configured to enforce_scope for cinder, skipping RBAC tests. To enable these tests set `tempest.conf [enforce_scope] cinder=True`.
{3} setUpClass (cinder_tempest_plugin.rbac.v3.test_backups.ProjectMemberTests39) ... SKIPPED: Tempest is not configured to enforce_scope for cinder, skipping RBAC tests. To enable these tests set `tempest.conf [enforce_scope] cinder=True`.
{3} setUpClass (cinder_tempest_plugin.rbac.v3.test_user_messages.ProjectAdminTests) ... SKIPPED: Tempest is not configured to enforce_scope for cinder, skipping RBAC tests. To enable these tests set `tempest.conf [enforce_scope] cinder=True`.
{3} setUpClass (cinder_tempest_plugin.rbac.v3.test_user_messages.ProjectMemberTests) ... SKIPPED: Tempest is not configured to enforce_scope for cinder, skipping RBAC tests. To enable these tests set `tempest.conf [enforce_scope] cinder=True`.
{3} setUpClass (cinder_tempest_plugin.rbac.v3.test_volume_actions.ProjectReaderTests) ... SKIPPED: Tempest is not configured to enforce_scope for cinder, skipping RBAC tests. To enable these tests set `tempest.conf [enforce_scope] cinder=True`.
{3} setUpClass (cinder_tempest_plugin.rbac.v3.test_volumes.ProjectReaderTests) ... SKIPPED: Tempest is not configured to enforce_scope for cinder, skipping RBAC tests. To enable these tests set `tempest.conf [enforce_scope] cinder=True`.
{0} tempest.api.volume.test_volumes_extend.VolumesExtendTest.test_volume_extend [26.844940s] ... ok
{2} tempest.scenario.test_server_volume_attachment.TestServerVolumeAttachmentScenario.test_server_detach_rules [162.538619s] ... ok
{2} setUpClass (cinder_tempest_plugin.api.volume.test_multiple_volume_from_resource.CreateVolumesFromBackupTest) ... SKIPPED: Cinder backup feature disabled
{2} setUpClass (cinder_tempest_plugin.api.volume.test_volume_backup.VolumesBackupsTest) ... SKIPPED: Cinder backup feature disabled
{2} setUpClass (cinder_tempest_plugin.rbac.v3.test_backups.ProjectAdminTests33) ... SKIPPED: Tempest is not configured to enforce_scope for cinder, skipping RBAC tests. To enable these tests set `tempest.conf [enforce_scope] cinder=True`.
{2} setUpClass (cinder_tempest_plugin.rbac.v3.test_backups.ProjectMemberTests33) ... SKIPPED: Tempest is not configured to enforce_scope for cinder, skipping RBAC tests. To enable these tests set `tempest.conf [enforce_scope] cinder=True`.
{2} setUpClass (cinder_tempest_plugin.rbac.v3.test_capabilities.ProjectMemberTests) ... SKIPPED: Tempest is not configured to enforce_scope for cinder, skipping RBAC tests. To enable these tests set `tempest.conf [enforce_scope] cinder=True`.
{2} setUpClass (cinder_tempest_plugin.rbac.v3.test_volume_types.VolumeTypesMemberTests) ... SKIPPED: Tempest is not configured to enforce_scope for cinder, skipping RBAC tests. To enable these tests set `tempest.conf [enforce_scope] cinder=True`.
{2} setUpClass (cinder_tempest_plugin.scenario.test_encrypted_volume_transfer.TransferEncryptedVolumeTest) ... SKIPPED: Encrypted volume attach is not supported
{2} setUpClass (cinder_tempest_plugin.scenario.test_volume_encrypted.TestEncryptedCinderVolumes) ... SKIPPED: Encrypted volume attach is not supported
{0} tempest.api.volume.test_volumes_negative.VolumesNegativeTest.test_attach_volumes_with_nonexistent_volume_id [21.691176s] ... ok
{0} tempest.api.volume.test_volumes_negative.VolumesNegativeTest.test_create_volume_from_deactivated_image [2.793296s] ... ok
{0} tempest.api.volume.test_volumes_negative.VolumesNegativeTest.test_create_volume_from_image_with_decreasing_size [2.197973s] ... ok
{0} tempest.api.volume.test_volumes_negative.VolumesNegativeTest.test_create_volume_with_invalid_size [0.020974s] ... ok
{0} tempest.api.volume.test_volumes_negative.VolumesNegativeTest.test_create_volume_with_nonexistent_snapshot_id [0.033965s] ... ok
{0} tempest.api.volume.test_volumes_negative.VolumesNegativeTest.test_create_volume_with_nonexistent_source_volid [0.040693s] ... ok
{0} tempest.api.volume.test_volumes_negative.VolumesNegativeTest.test_create_volume_with_nonexistent_volume_type [0.037434s] ... ok
{0} tempest.api.volume.test_volumes_negative.VolumesNegativeTest.test_create_volume_with_size_negative [0.019773s] ... ok
{0} tempest.api.volume.test_volumes_negative.VolumesNegativeTest.test_create_volume_with_size_zero [0.029723s] ... ok
{0} tempest.api.volume.test_volumes_negative.VolumesNegativeTest.test_create_volume_without_passing_size [0.021051s] ... ok
{0} tempest.api.volume.test_volumes_negative.VolumesNegativeTest.test_delete_invalid_volume_id [0.030809s] ... ok
{0} tempest.api.volume.test_volumes_negative.VolumesNegativeTest.test_delete_volume_without_passing_volume_id [0.015104s] ... ok
{0} tempest.api.volume.test_volumes_negative.VolumesNegativeTest.test_detach_volumes_with_invalid_volume_id [0.038575s] ... ok
{0} tempest.api.volume.test_volumes_negative.VolumesNegativeTest.test_get_invalid_volume_id [0.030572s] ... ok
{0} tempest.api.volume.test_volumes_negative.VolumesNegativeTest.test_get_volume_without_passing_volume_id [0.017074s] ... ok
{0} tempest.api.volume.test_volumes_negative.VolumesNegativeTest.test_list_volumes_detail_with_invalid_status [0.059538s] ... ok
{0} tempest.api.volume.test_volumes_negative.VolumesNegativeTest.test_list_volumes_detail_with_nonexistent_name [0.062511s] ... ok
{0} tempest.api.volume.test_volumes_negative.VolumesNegativeTest.test_list_volumes_with_invalid_status [0.051486s] ... ok
{0} tempest.api.volume.test_volumes_negative.VolumesNegativeTest.test_list_volumes_with_nonexistent_name [0.061066s] ... ok
{0} tempest.api.volume.test_volumes_negative.VolumesNegativeTest.test_reserve_volume_with_negative_volume_status [0.159571s] ... ok
{0} tempest.api.volume.test_volumes_negative.VolumesNegativeTest.test_reserve_volume_with_nonexistent_volume_id [0.030848s] ... ok
{0} tempest.api.volume.test_volumes_negative.VolumesNegativeTest.test_unreserve_volume_with_nonexistent_volume_id [0.031232s] ... ok
{0} tempest.api.volume.test_volumes_negative.VolumesNegativeTest.test_update_volume_with_empty_volume_id [0.014531s] ... ok
{0} tempest.api.volume.test_volumes_negative.VolumesNegativeTest.test_update_volume_with_invalid_volume_id [0.041925s] ... ok
{0} tempest.api.volume.test_volumes_negative.VolumesNegativeTest.test_update_volume_with_nonexistent_volume_id [0.033066s] ... ok
{0} tempest.api.volume.test_volumes_negative.VolumesNegativeTest.test_volume_delete_nonexistent_volume_id [0.034002s] ... ok
{0} tempest.api.volume.test_volumes_negative.VolumesNegativeTest.test_volume_extend_with_None_size [0.022043s] ... ok
{0} tempest.api.volume.test_volumes_negative.VolumesNegativeTest.test_volume_extend_with_non_number_size [0.020230s] ... ok
{0} tempest.api.volume.test_volumes_negative.VolumesNegativeTest.test_volume_extend_with_nonexistent_volume_id [0.044125s] ... ok
{0} tempest.api.volume.test_volumes_negative.VolumesNegativeTest.test_volume_extend_with_size_smaller_than_original_size [0.020818s] ... ok
{0} tempest.api.volume.test_volumes_negative.VolumesNegativeTest.test_volume_extend_without_passing_volume_id [0.032562s] ... ok
{0} tempest.api.volume.test_volumes_negative.VolumesNegativeTest.test_volume_get_nonexistent_volume_id [0.030220s] ... ok
{0} tempest.api.volume.test_volumes_snapshots_negative.VolumesSnapshotNegativeTestJSON.test_create_snapshot_with_nonexistent_volume_id [0.153716s] ... ok
{0} tempest.api.volume.test_volumes_snapshots_negative.VolumesSnapshotNegativeTestJSON.test_create_snapshot_without_passing_volume_id [0.052096s] ... ok
{0} tempest.api.volume.test_volumes_snapshots_negative.VolumesSnapshotNegativeTestJSON.test_list_snapshot_invalid_param_limit [0.007539s] ... ok
{0} tempest.api.volume.test_volumes_snapshots_negative.VolumesSnapshotNegativeTestJSON.test_list_snapshots_invalid_param_marker [0.025696s] ... ok
{0} tempest.api.volume.test_volumes_snapshots_negative.VolumesSnapshotNegativeTestJSON.test_list_snapshots_invalid_param_sort [0.018872s] ... ok
{1} tempest.api.volume.test_volumes_clone.VolumesCloneTest.test_create_from_bootable_volume [77.077425s] ... ok
{0} tempest.api.volume.test_volumes_snapshots_negative.VolumesSnapshotNegativeTestJSON.test_volume_from_snapshot_decreasing_size [73.586008s] ... ok
{0} setUpClass (tempest.scenario.test_volume_backup_restore.TestVolumeBackupRestore) ... SKIPPED: Backup is not enable.
{0} setUpClass (tempest.scenario.test_volume_migrate_attached.TestVolumeMigrateRetypeAttached) ... SKIPPED: Cinder multi-backend feature disabled
{1} tempest.api.volume.test_volumes_clone.VolumesCloneTest.test_create_from_volume [74.697819s] ... ok
{1} tempest.api.volume.test_volumes_clone_negative.VolumesCloneNegativeTest.test_create_from_volume_decreasing_size [9.194449s] ... ok
{1} tempest.api.volume.test_volumes_snapshots.VolumesSnapshotTestJSON.test_snapshot_backup ... SKIPPED: Cinder backup is disabled
{0} cinder_tempest_plugin.api.volume.admin.test_consistencygroups.ConsistencyGroupsV2Test.test_consistencygroup_cgsnapshot_create_delete [24.770420s] ... ok
{0} cinder_tempest_plugin.api.volume.admin.test_consistencygroups.ConsistencyGroupsV2Test.test_consistencygroup_create_delete [9.613413s] ... ok
{1} tempest.api.volume.test_volumes_snapshots.VolumesSnapshotTestJSON.test_snapshot_create_get_list_update_delete [73.244322s] ... ok
{0} cinder_tempest_plugin.api.volume.admin.test_consistencygroups.ConsistencyGroupsV2Test.test_create_consistencygroup_from_cgsnapshot [144.424146s] ... ok
{3} cinder_tempest_plugin.scenario.test_volume_multiattach.VolumeMultiattachTests.test_multiattach_data_integrity [340.157158s] ... ok
{0} cinder_tempest_plugin.api.volume.admin.test_consistencygroups.ConsistencyGroupsV2Test.test_create_consistencygroup_from_consistencygroup [68.645329s] ... ok
{3} cinder_tempest_plugin.scenario.test_volume_multiattach.VolumeMultiattachTests.test_volume_multiattach_same_host_negative [123.598933s] ... ok
{1} tempest.api.volume.test_volumes_snapshots.VolumesSnapshotTestJSON.test_snapshot_create_offline_delete_online [243.768992s] ... ok
{0} cinder_tempest_plugin.api.volume.test_volume_dependency.VolumeDependencyTests.test_delete_dep_chain [151.952246s] ... ok
{1} tempest.api.volume.test_volumes_snapshots.VolumesSnapshotTestJSON.test_volume_from_snapshot [132.883949s] ... ok
{0} cinder_tempest_plugin.api.volume.test_volume_dependency.VolumeDependencyTests.test_delete_dep_chain_2 [157.099273s] ... ok
{1} tempest.api.volume.test_volumes_snapshots.VolumesSnapshotTestJSON.test_volume_from_snapshot_no_size [93.856595s] ... ok
{1} setUpClass (tempest.scenario.test_encrypted_cinder_volumes.TestEncryptedCinderVolumes) ... SKIPPED: Encrypted volume attach is not supported
{0} cinder_tempest_plugin.api.volume.test_volume_dependency.VolumeDependencyTests.test_delete_source_snapshot [70.867077s] ... ok
{0} cinder_tempest_plugin.api.volume.test_volume_dependency.VolumeDependencyTests.test_delete_source_volume [47.333852s] ... ok
{0} setUpClass (cinder_tempest_plugin.rbac.v3.test_backups.ProjectReaderTests33) ... SKIPPED: Tempest is not configured to enforce_scope for cinder, skipping RBAC tests. To enable these tests set `tempest.conf [enforce_scope] cinder=True`.
{0} setUpClass (cinder_tempest_plugin.rbac.v3.test_capabilities.ProjectAdminTests) ... SKIPPED: Tempest is not configured to enforce_scope for cinder, skipping RBAC tests. To enable these tests set `tempest.conf [enforce_scope] cinder=True`.
{0} setUpClass (cinder_tempest_plugin.rbac.v3.test_capabilities.ProjectReaderTests) ... SKIPPED: Tempest is not configured to enforce_scope for cinder, skipping RBAC tests. To enable these tests set `tempest.conf [enforce_scope] cinder=True`.
{0} setUpClass (cinder_tempest_plugin.rbac.v3.test_snapshots.ProjectMemberTests) ... SKIPPED: Tempest is not configured to enforce_scope for cinder, skipping RBAC tests. To enable these tests set `tempest.conf [enforce_scope] cinder=True`.
{0} setUpClass (cinder_tempest_plugin.rbac.v3.test_volume_types.VolumeTypesAdminTests) ... SKIPPED: Tempest is not configured to enforce_scope for cinder, skipping RBAC tests. To enable these tests set `tempest.conf [enforce_scope] cinder=True`.
{1} tempest.scenario.test_minimum_basic.TestMinimumBasicScenario.test_minimum_basic_instance_hard_reboot_after_vol_snap_deletion [199.254880s] ... ok
{1} tempest.scenario.test_minimum_basic.TestMinimumBasicScenario.test_minimum_basic_scenario [174.789389s] ... ok
{1} tempest.scenario.test_server_volume_attachment.TestServerVolumeAttachScenarioOldVersion.test_old_versions_reject [122.318486s] ... ok
{1} tempest.scenario.test_volume_boot_pattern.TestVolumeBootPattern.test_boot_server_from_encrypted_volume_luks ... SKIPPED: Encrypted volume attach is not supported
{1} tempest.scenario.test_volume_boot_pattern.TestVolumeBootPattern.test_boot_server_from_encrypted_volume_luksv2 ... SKIPPED: Encrypted volume attach is not supported
{1} tempest.scenario.test_volume_boot_pattern.TestVolumeBootPattern.test_image_defined_boot_from_volume [269.428960s] ... ok
{1} tempest.scenario.test_volume_boot_pattern.TestVolumeBootPattern.test_volume_boot_pattern [327.346871s] ... ok
{1} setUpClass (cinder_tempest_plugin.api.volume.admin.test_volume_backup.VolumesBackupsTest) ... SKIPPED: Cinder backup feature disabled
{1} cinder_tempest_plugin.api.volume.test_multiple_volume_from_resource.CreateVolumesFromImageTest.test_create_from_image_multiple [6.944851s] ... ok
{1} cinder_tempest_plugin.api.volume.test_multiple_volume_from_resource.CreateVolumesFromSnapshotTest.test_create_multiple_volume_from_snapshot [18.782610s] ... ok
{1} cinder_tempest_plugin.api.volume.test_multiple_volume_from_resource.CreateVolumesFromSourceVolumeTest.test_create_multiple_volume_from_source_volume [13.439871s] ... ok
{1} cinder_tempest_plugin.api.volume.test_volume_dependency.VolumeImageDependencyTests.test_image_volume_dependencies_1 [21.666339s] ... ok
{1} cinder_tempest_plugin.api.volume.test_volume_dependency.VolumeImageDependencyTests.test_image_volume_dependencies_2 [53.331002s] ... ok
{1} cinder_tempest_plugin.api.volume.test_volume_dependency.VolumeImageDependencyTests.test_image_volume_dependencies_3 [91.761524s] ... ok
{1} cinder_tempest_plugin.api.volume.test_volume_revert.VolumeRevertTests.test_volume_revert_to_snapshot [26.380318s] ... ok
{1} setUpClass (cinder_tempest_plugin.rbac.v3.test_backups.ProjectReaderTests39) ... SKIPPED: Tempest is not configured to enforce_scope for cinder, skipping RBAC tests. To enable these tests set `tempest.conf [enforce_scope] cinder=True`.
{1} setUpClass (cinder_tempest_plugin.rbac.v3.test_snapshots.ProjectReaderTests) ... SKIPPED: Tempest is not configured to enforce_scope for cinder, skipping RBAC tests. To enable these tests set `tempest.conf [enforce_scope] cinder=True`.
{1} setUpClass (cinder_tempest_plugin.rbac.v3.test_user_messages.ProjectReaderTests) ... SKIPPED: Tempest is not configured to enforce_scope for cinder, skipping RBAC tests. To enable these tests set `tempest.conf [enforce_scope] cinder=True`.
{1} setUpClass (cinder_tempest_plugin.rbac.v3.test_volume_types.VolumeTypesReaderTests) ... SKIPPED: Tempest is not configured to enforce_scope for cinder, skipping RBAC tests. To enable these tests set `tempest.conf [enforce_scope] cinder=True`.
{1} cinder_tempest_plugin.scenario.test_snapshots.SnapshotDependencyTests.test_snapshot_removal [77.963611s] ... ok
{1} setUpClass (cinder_tempest_plugin.scenario.test_volume_concurrency.ConcurrentVolumeActionsTest) ... SKIPPED: Concurrency tests are disabled.

======
Totals
======
Ran: 321 tests in 4321.6436 sec.
 - Passed: 275
 - Skipped: 46
 - Expected Fail: 0
 - Unexpected Success: 0
 - Failed: 0
Sum of execute time for each test: 9672.1050 sec.

==============
Worker Balance
==============
 - Worker 0 (101 tests) => 0:47:03.144384
 - Worker 1 (55 tests) => 1:12:01.635137
 - Worker 2 (108 tests) => 0:33:52.367835
 - Worker 3 (57 tests) => 0:41:06.970550
___________________________________ summary ____________________________________
  all: commands succeeded
  congratulations :)
commit_id: cc735e24d
2025/10/17 10:21:52
