d7a5f3e54 Hitachi: Test Hitachi CI
2025/10/09 13:04:38
all develop-inst-nodeps: /opt/stack/tempest
all installed: attrs==25.3.0,autopage==0.5.2,bcrypt==4.0.1,certifi==2025.10.5,cffi==1.17.1,charset-normalizer==3.4.2,cliff==4.11.0,cmd2==2.7.0,cryptography==43.0.3,debtcollector==3.0.0,defusedxml==0.7.1,fasteners==0.19,fixtures==4.2.5,idna==3.10,iso8601==2.1.0,jsonschema==4.25.0,jsonschema-specifications==2025.4.1,markdown-it-py==3.0.0,mdurl==0.1.2,msgpack==1.1.1,netaddr==1.3.0,oslo.concurrency==7.2.0,oslo.config==10.0.0,oslo.context==6.1.0,oslo.i18n==6.6.0,oslo.log==7.2.1,oslo.serialization==5.8.0,oslo.utils==9.1.0,packaging==25.0,paramiko==3.5.1,pbr==7.0.1,prettytable==3.16.0,psutil==7.0.0,pycparser==2.22,Pygments==2.19.2,PyNaCl==1.5.0,pyparsing==3.2.3,pyperclip==1.9.0,python-dateutil==2.9.0.post0,python-subunit==1.4.4,PyYAML==6.0.2,referencing==0.36.2,requests==2.32.4,rfc3986==2.0.0,rich==14.1.0,rich-argparse==1.7.1,rpds-py==0.26.0,six==1.17.0,stestr==4.2.0,stevedore==5.5.0,-e git+https://opendev.org/openstack/tempest.git@93df2d2d3e73788db982be0f4b85e3451343c94c#egg=tempest,testscenarios==0.5.0,testtools==2.7.2,tomlkit==0.13.3,typing_extensions==4.14.1,tzdata==2025.2,urllib3==1.26.20,voluptuous==0.15.2,wcwidth==0.2.13,wrapt==1.17.2
all run-test-pre: PYTHONHASHSEED='2381110925'
all run-test: commands[0] | find . -type f -name '*.pyc' -delete
all run-test: commands[1] | tempest run --regex tempest.api.volume.test_volumes_negative.VolumesNegativeTest.test_volume_extend_with_size_smaller_than_original_size -- --concurrency=4 --exclude-list /opt/stack/tempest/exclude_testcases_iscsi.txt
usage: tempest run [-h] [--workspace WORKSPACE]
                   [--workspace-path WORKSPACE_PATH]
                   [--config-file CONFIG_FILE] [--smoke | --regex REGEX]
                   [--black-regex BLACK_REGEX] [--exclude-regex EXCLUDE_REGEX]
                   [--whitelist-file WHITELIST_FILE]
                   [--include-list INCLUDE_LIST]
                   [--blacklist-file BLACKLIST_FILE]
                   [--exclude-list EXCLUDE_LIST] [--load-list LOAD_LIST]
                   [--worker-file WORKER_FILE] [--list-tests]
                   [--concurrency CONCURRENCY] [--parallel | --serial]
                   [--save-state] [--subunit] [--combine] [--slowest]
tempest run: error: unrecognized arguments: -- --concurrency=4 --exclude-list exclude_testcases_iscsi.txt
ERROR: InvocationError for command /opt/stack/tempest/.tox/tempest/bin/tempest run --regex tempest.api.volume.test_volumes_negative.VolumesNegativeTest.test_volume_extend_with_size_smaller_than_original_size -- --concurrency=4 --exclude-list exclude_testcases_iscsi.txt (exited with code 2)
___________________________________ summary ____________________________________
ERROR:   all: commands failed
