efb95de1c [TEST] Hitachi: add support for Hitachi VSP One B20
2025/10/18 09:14:57
all develop-inst-nodeps: /opt/stack/tempest
all installed: attrs==25.3.0,autopage==0.5.2,bcrypt==4.0.1,certifi==2025.10.5,cffi==1.17.1,charset-normalizer==3.4.2,cinder-tempest-plugin @ git+https://opendev.org/openstack/cinder-tempest-plugin.git@058e172729cde892e61ee65c931d5defc0d3d81c,cliff==4.11.0,cmd2==2.7.0,cryptography==43.0.3,debtcollector==3.0.0,defusedxml==0.7.1,fasteners==0.19,fixtures==4.2.5,idna==3.10,iso8601==2.1.0,jsonschema==4.25.0,jsonschema-specifications==2025.4.1,markdown-it-py==3.0.0,mdurl==0.1.2,msgpack==1.1.1,netaddr==1.3.0,oslo.concurrency==7.2.0,oslo.config==10.0.0,oslo.context==6.1.0,oslo.i18n==6.6.0,oslo.log==7.2.1,oslo.serialization==5.8.0,oslo.utils==9.1.0,packaging==25.0,paramiko==3.5.1,pbr==7.0.1,prettytable==3.16.0,psutil==7.0.0,pycparser==2.22,Pygments==2.19.2,PyNaCl==1.5.0,pyparsing==3.2.3,pyperclip==1.9.0,python-dateutil==2.9.0.post0,python-subunit==1.4.4,PyYAML==6.0.2,referencing==0.36.2,requests==2.32.4,rfc3986==2.0.0,rich==14.1.0,rich-argparse==1.7.1,rpds-py==0.26.0,six==1.17.0,stestr==4.2.0,stevedore==5.5.0,-e git+https://opendev.org/openstack/tempest.git@9ebb0b605a3d43b7a0eb46e72f4485760dccff01#egg=tempest,testscenarios==0.5.0,testtools==2.7.2,tomlkit==0.13.3,typing_extensions==4.14.1,tzdata==2025.2,urllib3==1.26.20,voluptuous==0.15.2,wcwidth==0.2.13,wrapt==1.17.2
all run-test-pre: PYTHONHASHSEED='363045332'
all run-test: commands[0] | find . -type f -name '*.pyc' -delete
all run-test: commands[1] | tempest run --regex '^(?=.*volume|.*cinder_tempest_plugin).*' --concurrency=4 --exclude-list /opt/stack/tempest/exclude_testcases_fc.txt
{3} setUpClass (tempest.api.compute.admin.test_live_migration.LiveAutoBlockMigrationV225Test) ... SKIPPED: LiveAutoBlockMigrationV225Test skipped as live-migration is not available
{3} setUpClass (tempest.api.compute.admin.test_live_migration.LiveMigrationTest) ... SKIPPED: LiveMigrationTest skipped as live-migration is not available
{3} setUpClass (tempest.api.compute.admin.test_live_migration.LiveMigrationWithoutHostTest) ... SKIPPED: LiveMigrationWithoutHostTest skipped as live-migration is not available
{2} tempest.api.compute.admin.test_volume.AttachSCSIVolumeTestJSON.test_attach_scsi_disk_with_config_drive [97.806740s] ... ok
{2} tempest.api.compute.admin.test_volume_swap.TestVolumeSwap.test_volume_swap ... SKIPPED: Skipped until bug: https://launchpad.net/bugs/2112187 is resolved.
{1} tempest.api.compute.servers.test_device_tagging.TaggedAttachmentsTest.test_tagged_attachment [134.149886s] ... ok
{0} tempest.api.compute.admin.test_assisted_volume_snapshots.VolumesAssistedSnapshotsTest.test_volume_assisted_snapshot_create_delete [133.348007s] ... ok
{2} tempest.api.compute.admin.test_volumes_negative.VolumesAdminNegativeTest.test_update_attached_volume_with_nonexistent_volume_in_body ... SKIPPED: Skipped until bug: https://launchpad.net/bugs/2112187 is resolved.
{2} tempest.api.compute.admin.test_volumes_negative.VolumesAdminNegativeTest.test_update_attached_volume_with_nonexistent_volume_in_uri [19.829626s] ... ok
{0} tempest.api.compute.admin.test_volumes_negative.UpdateMultiattachVolumeNegativeTest.test_multiattach_rw_volume_update_failure ... SKIPPED: Skipped until bug: https://launchpad.net/bugs/2112187 is resolved.
{3} tempest.api.compute.admin.test_volume_swap.TestMultiAttachVolumeSwap.test_volume_swap_with_multiattach [170.432666s] ... ok
{2} tempest.api.compute.servers.test_delete_server.DeleteServersTestJSON.test_delete_server_while_in_attached_volume [40.668550s] ... ok
{1} tempest.api.compute.servers.test_device_tagging.TaggedBootDevicesTest.test_tagged_boot_devices [125.804011s] ... ok
{1} tempest.api.compute.servers.test_server_rescue_negative.ServerRescueNegativeTestJSON.test_rescued_vm_attach_volume [21.578635s] ... ok
{2} tempest.api.compute.servers.test_device_tagging.TaggedBootDevicesTest_v242.test_tagged_boot_devices [123.091712s] ... ok
{0} tempest.api.compute.servers.test_server_rescue.ServerStableDeviceRescueTest.test_stable_device_rescue_disk_virtio_with_volume_attached [189.844693s] ... ok
{0} tempest.api.compute.servers.test_servers_negative.ServersNegativeTestJSON.test_create_server_from_non_bootable_volume [8.269628s] ... ok
{0} tempest.api.compute.servers.test_servers_negative.ServersNegativeTestJSON.test_create_server_invalid_bdm_in_2nd_dict [4.990793s] ... ok
{3} tempest.api.compute.servers.test_server_actions.ServerActionsTestOtherA.test_rebuild_server_with_volume_attached [182.900603s] ... ok
{1} tempest.api.compute.servers.test_server_rescue_negative.ServerRescueNegativeTestJSON.test_rescued_vm_detach_volume [177.004023s] ... ok
{2} tempest.api.compute.servers.test_server_actions.ServerActionsTestOtherB.test_resize_server_revert_with_volume_attached [80.430207s] ... ok
{2} tempest.api.compute.volumes.test_volume_snapshots.VolumesSnapshotsTestJSON.test_volume_snapshot_create_get_list_delete [27.758426s] ... ok
{3} tempest.api.compute.servers.test_server_actions.ServerActionsTestOtherA.test_resize_volume_backed_server_confirm [127.703022s] ... ok
{2} tempest.api.compute.volumes.test_volumes_list.VolumesTestJSON.test_volume_list [0.093368s] ... ok
{2} tempest.api.compute.volumes.test_volumes_list.VolumesTestJSON.test_volume_list_param_limit [0.091988s] ... ok
{2} tempest.api.compute.volumes.test_volumes_list.VolumesTestJSON.test_volume_list_param_offset_and_limit [0.184182s] ... ok
{2} tempest.api.compute.volumes.test_volumes_list.VolumesTestJSON.test_volume_list_with_detail_param_limit [0.078777s] ... ok
{2} tempest.api.compute.volumes.test_volumes_list.VolumesTestJSON.test_volume_list_with_detail_param_offset_and_limit [0.155746s] ... ok
{2} tempest.api.compute.volumes.test_volumes_list.VolumesTestJSON.test_volume_list_with_details [0.061214s] ... ok
{2} tempest.api.volume.admin.test_group_type_specs.GroupTypeSpecsTest.test_group_type_specs_create_show_update_list_delete [0.686526s] ... ok
{2} tempest.api.volume.admin.test_groups.GroupsTest.test_group_create_show_list_delete [15.022544s] ... ok
{0} tempest.api.compute.volumes.test_attach_volume_negative.AttachVolumeNegativeTest.test_attach_attached_volume_to_different_server [188.790039s] ... ok
{2} tempest.api.volume.admin.test_groups.GroupsTest.test_group_update [21.219194s] ... ok
{2} setUpClass (tempest.api.volume.admin.test_multi_backend.VolumeMultiBackendTest) ... SKIPPED: Cinder multi-backend feature disabled
{2} setUpClass (tempest.api.volume.admin.test_snapshot_manage.SnapshotManageAdminTest) ... SKIPPED: Manage snapshot tests are disabled
{2} tempest.api.volume.admin.test_volume_hosts.VolumeHostsAdminTestsJSON.test_list_hosts [0.127114s] ... ok
{2} tempest.api.volume.admin.test_volume_hosts.VolumeHostsAdminTestsJSON.test_show_host [0.100657s] ... ok
{2} tempest.api.volume.admin.test_volume_pools.VolumePoolsAdminTestsJSON.test_get_pools_with_details [0.615501s] ... ok
{2} tempest.api.volume.admin.test_volume_pools.VolumePoolsAdminTestsJSON.test_get_pools_without_details [0.522853s] ... ok
{2} tempest.api.volume.admin.test_volume_quota_classes.VolumeQuotaClassesTest.test_show_default_quota [0.127700s] ... ok
{2} tempest.api.volume.admin.test_volume_quota_classes.VolumeQuotaClassesTest.test_update_default_quota [0.844610s] ... ok
{2} tempest.api.volume.admin.test_volume_quotas.VolumeQuotasAdminTestJSON.test_delete_quota [0.358687s] ... ok
{2} tempest.api.volume.admin.test_volume_quotas.VolumeQuotasAdminTestJSON.test_list_default_quotas [0.042654s] ... ok
{2} tempest.api.volume.admin.test_volume_quotas.VolumeQuotasAdminTestJSON.test_list_quotas [0.045986s] ... ok
{2} tempest.api.volume.admin.test_volume_quotas.VolumeQuotasAdminTestJSON.test_quota_usage [8.128181s] ... ok
{2} tempest.api.volume.admin.test_volume_quotas.VolumeQuotasAdminTestJSON.test_quota_usage_after_volume_transfer [10.150640s] ... ok
{2} tempest.api.volume.admin.test_volume_quotas.VolumeQuotasAdminTestJSON.test_show_quota_usage [0.076081s] ... ok
{2} tempest.api.volume.admin.test_volume_quotas.VolumeQuotasAdminTestJSON.test_update_all_quota_resources_for_tenant [0.256204s] ... ok
{2} tempest.api.volume.admin.test_volume_type_access.VolumeTypesAccessTest.test_volume_type_access_add [8.389919s] ... ok
{2} tempest.api.volume.admin.test_volume_type_access.VolumeTypesAccessTest.test_volume_type_access_list [0.261637s] ... ok
{2} tempest.api.volume.admin.test_volume_types.VolumeTypesTest.test_volume_crud_with_volume_type_and_extra_specs [8.620686s] ... ok
{2} tempest.api.volume.admin.test_volume_types.VolumeTypesTest.test_volume_type_create_get_delete [0.165891s] ... ok
{2} tempest.api.volume.admin.test_volume_types.VolumeTypesTest.test_volume_type_encryption_create_get_update_delete [0.455457s] ... ok
{2} tempest.api.volume.admin.test_volume_types.VolumeTypesTest.test_volume_type_list [0.044615s] ... ok
{2} tempest.api.volume.admin.test_volume_types.VolumeTypesTest.test_volume_type_update [0.220932s] ... ok
{2} tempest.api.volume.admin.test_volume_types_extra_specs_negative.ExtraSpecsNegativeTest.test_create_invalid_body [0.020280s] ... ok
{2} tempest.api.volume.admin.test_volume_types_extra_specs_negative.ExtraSpecsNegativeTest.test_create_none_body [0.019949s] ... ok
{2} tempest.api.volume.admin.test_volume_types_extra_specs_negative.ExtraSpecsNegativeTest.test_create_nonexistent_type_id [0.061116s] ... ok
{2} tempest.api.volume.admin.test_volume_types_extra_specs_negative.ExtraSpecsNegativeTest.test_delete_nonexistent_volume_type_id [0.022803s] ... ok
{2} tempest.api.volume.admin.test_volume_types_extra_specs_negative.ExtraSpecsNegativeTest.test_get_nonexistent_extra_spec_name [0.031668s] ... ok
{2} tempest.api.volume.admin.test_volume_types_extra_specs_negative.ExtraSpecsNegativeTest.test_get_nonexistent_volume_type_id [0.022769s] ... ok
{2} tempest.api.volume.admin.test_volume_types_extra_specs_negative.ExtraSpecsNegativeTest.test_list_nonexistent_volume_type_id [0.022964s] ... ok
{2} tempest.api.volume.admin.test_volume_types_extra_specs_negative.ExtraSpecsNegativeTest.test_update_multiple_extra_spec [0.018316s] ... ok
{2} tempest.api.volume.admin.test_volume_types_extra_specs_negative.ExtraSpecsNegativeTest.test_update_no_body [0.019474s] ... ok
{2} tempest.api.volume.admin.test_volume_types_extra_specs_negative.ExtraSpecsNegativeTest.test_update_none_extra_spec_id [0.039531s] ... ok
{2} tempest.api.volume.admin.test_volume_types_extra_specs_negative.ExtraSpecsNegativeTest.test_update_nonexistent_extra_spec_id [0.037883s] ... ok
{2} tempest.api.volume.admin.test_volume_types_extra_specs_negative.ExtraSpecsNegativeTest.test_update_nonexistent_type_id [0.037726s] ... ok
{2} tempest.api.volume.test_versions.VersionsTest.test_list_versions [0.017289s] ... ok
{2} tempest.api.volume.test_versions.VersionsTest.test_show_version [0.175741s] ... ok
{2} tempest.api.volume.test_volume_transfers.VolumesTransfersTest.test_create_get_list_accept_volume_transfer [10.698099s] ... ok
{2} tempest.api.volume.test_volume_transfers.VolumesTransfersTest.test_create_list_delete_volume_transfer [9.306930s] ... ok
{2} tempest.api.volume.test_volumes_get.VolumesGetTest.test_volume_create_get_update_delete [17.323001s] ... ok
{0} tempest.api.compute.volumes.test_attach_volume_negative.AttachVolumeNegativeTest.test_attach_attached_volume_to_same_server [115.405284s] ... ok
{1} tempest.api.compute.volumes.test_attach_volume.AttachVolumeShelveTestJSON.test_attach_volume_shelved_or_offload_server [203.622900s] ... ok
{3} tempest.api.compute.servers.test_server_actions.ServerActionsV293TestJSON.test_rebuild_volume_backed_server [140.811572s] ... ok
{2} tempest.api.volume.test_volumes_get.VolumesGetTest.test_volume_create_get_update_delete_as_clone [64.509171s] ... ok
{2} tempest.api.volume.test_volumes_get.VolumesGetTest.test_volume_create_get_update_delete_from_image [33.363527s] ... ok
{2} tempest.api.volume.test_volumes_negative.VolumesNegativeTest.test_attach_volumes_with_nonexistent_volume_id [21.815048s] ... ok
{2} tempest.api.volume.test_volumes_negative.VolumesNegativeTest.test_create_volume_from_deactivated_image [2.580809s] ... ok
{2} tempest.api.volume.test_volumes_negative.VolumesNegativeTest.test_create_volume_from_image_with_decreasing_size [2.200215s] ... ok
{2} tempest.api.volume.test_volumes_negative.VolumesNegativeTest.test_create_volume_with_invalid_size [0.021339s] ... ok
{2} tempest.api.volume.test_volumes_negative.VolumesNegativeTest.test_create_volume_with_nonexistent_snapshot_id [0.019515s] ... ok
{2} tempest.api.volume.test_volumes_negative.VolumesNegativeTest.test_create_volume_with_nonexistent_source_volid [0.041038s] ... ok
{2} tempest.api.volume.test_volumes_negative.VolumesNegativeTest.test_create_volume_with_nonexistent_volume_type [0.033995s] ... ok
{2} tempest.api.volume.test_volumes_negative.VolumesNegativeTest.test_create_volume_with_size_negative [0.019874s] ... ok
{2} tempest.api.volume.test_volumes_negative.VolumesNegativeTest.test_create_volume_with_size_zero [0.017660s] ... ok
{0} tempest.api.compute.volumes.test_attach_volume_negative.AttachVolumeNegativeTest.test_delete_attached_volume [119.517608s] ... ok
{2} tempest.api.volume.test_volumes_negative.VolumesNegativeTest.test_create_volume_without_passing_size [0.023758s] ... ok
{2} tempest.api.volume.test_volumes_negative.VolumesNegativeTest.test_delete_invalid_volume_id [0.024772s] ... ok
{2} tempest.api.volume.test_volumes_negative.VolumesNegativeTest.test_delete_volume_without_passing_volume_id [0.011847s] ... ok
{2} tempest.api.volume.test_volumes_negative.VolumesNegativeTest.test_detach_volumes_with_invalid_volume_id [0.036892s] ... ok
{2} tempest.api.volume.test_volumes_negative.VolumesNegativeTest.test_get_invalid_volume_id [0.027036s] ... ok
{2} tempest.api.volume.test_volumes_negative.VolumesNegativeTest.test_get_volume_without_passing_volume_id [0.013554s] ... ok
{2} tempest.api.volume.test_volumes_negative.VolumesNegativeTest.test_list_volumes_detail_with_invalid_status [0.081342s] ... ok
{2} tempest.api.volume.test_volumes_negative.VolumesNegativeTest.test_list_volumes_detail_with_nonexistent_name [0.049710s] ... ok
{2} tempest.api.volume.test_volumes_negative.VolumesNegativeTest.test_list_volumes_with_invalid_status [0.061961s] ... ok
{2} tempest.api.volume.test_volumes_negative.VolumesNegativeTest.test_list_volumes_with_nonexistent_name [0.051668s] ... ok
{2} tempest.api.volume.test_volumes_negative.VolumesNegativeTest.test_reserve_volume_with_negative_volume_status [0.133081s] ... ok
{3} tempest.api.compute.servers.test_server_rescue.ServerBootFromVolumeStableRescueTest.test_stable_device_rescue_bfv_blank_volume [82.658059s] ... ok
{2} tempest.api.volume.test_volumes_negative.VolumesNegativeTest.test_reserve_volume_with_nonexistent_volume_id [0.031816s] ... ok
{2} tempest.api.volume.test_volumes_negative.VolumesNegativeTest.test_unreserve_volume_with_nonexistent_volume_id [0.033617s] ... ok
{2} tempest.api.volume.test_volumes_negative.VolumesNegativeTest.test_update_volume_with_empty_volume_id [0.013129s] ... ok
{2} tempest.api.volume.test_volumes_negative.VolumesNegativeTest.test_update_volume_with_invalid_volume_id [0.025330s] ... ok
{2} tempest.api.volume.test_volumes_negative.VolumesNegativeTest.test_update_volume_with_nonexistent_volume_id [0.017943s] ... ok
{2} tempest.api.volume.test_volumes_negative.VolumesNegativeTest.test_volume_delete_nonexistent_volume_id [0.026614s] ... ok
{2} tempest.api.volume.test_volumes_negative.VolumesNegativeTest.test_volume_extend_with_None_size [0.019786s] ... ok
{2} tempest.api.volume.test_volumes_negative.VolumesNegativeTest.test_volume_extend_with_non_number_size [0.018942s] ... ok
{2} tempest.api.volume.test_volumes_negative.VolumesNegativeTest.test_volume_extend_with_nonexistent_volume_id [0.030835s] ... ok
{2} tempest.api.volume.test_volumes_negative.VolumesNegativeTest.test_volume_extend_with_size_smaller_than_original_size [0.020935s] ... ok
{2} tempest.api.volume.test_volumes_negative.VolumesNegativeTest.test_volume_extend_without_passing_volume_id [0.035541s] ... ok
{2} tempest.api.volume.test_volumes_negative.VolumesNegativeTest.test_volume_get_nonexistent_volume_id [0.029670s] ... ok
{0} tempest.api.volume.admin.test_groups.GroupsV320Test.test_reset_group_status [3.107206s] ... ok
{0} tempest.api.volume.admin.test_qos.QosSpecsTestJSON.test_associate_disassociate_qos [0.703556s] ... ok
{0} tempest.api.volume.admin.test_qos.QosSpecsTestJSON.test_create_delete_qos_with_back_end_consumer [0.199900s] ... ok
{0} tempest.api.volume.admin.test_qos.QosSpecsTestJSON.test_create_delete_qos_with_both_consumer [0.194867s] ... ok
{0} tempest.api.volume.admin.test_qos.QosSpecsTestJSON.test_create_delete_qos_with_front_end_consumer [0.176508s] ... ok
{0} tempest.api.volume.admin.test_qos.QosSpecsTestJSON.test_get_qos [0.027337s] ... ok
{0} tempest.api.volume.admin.test_qos.QosSpecsTestJSON.test_list_qos [0.027269s] ... ok
{0} tempest.api.volume.admin.test_qos.QosSpecsTestJSON.test_set_unset_qos_key [0.175434s] ... ok
{2} tempest.api.volume.test_volumes_snapshots_list.VolumesSnapshotListTestJSON.test_snapshot_list_param_limit [0.036962s] ... ok
{2} tempest.api.volume.test_volumes_snapshots_list.VolumesSnapshotListTestJSON.test_snapshot_list_param_limit_equals_infinite [0.086937s] ... ok
{2} tempest.api.volume.test_volumes_snapshots_list.VolumesSnapshotListTestJSON.test_snapshot_list_param_limit_equals_zero [0.024481s] ... ok
{2} tempest.api.volume.test_volumes_snapshots_list.VolumesSnapshotListTestJSON.test_snapshot_list_param_marker [0.080228s] ... ok
{2} tempest.api.volume.test_volumes_snapshots_list.VolumesSnapshotListTestJSON.test_snapshot_list_param_offset [0.040404s] ... ok
{2} tempest.api.volume.test_volumes_snapshots_list.VolumesSnapshotListTestJSON.test_snapshot_list_param_sort_created_at_asc [0.033173s] ... ok
{2} tempest.api.volume.test_volumes_snapshots_list.VolumesSnapshotListTestJSON.test_snapshot_list_param_sort_created_at_desc [0.036531s] ... ok
{2} tempest.api.volume.test_volumes_snapshots_list.VolumesSnapshotListTestJSON.test_snapshot_list_param_sort_id_asc [0.041374s] ... ok
{2} tempest.api.volume.test_volumes_snapshots_list.VolumesSnapshotListTestJSON.test_snapshot_list_param_sort_id_desc [0.033922s] ... ok
{2} tempest.api.volume.test_volumes_snapshots_list.VolumesSnapshotListTestJSON.test_snapshot_list_param_sort_name_asc [0.046526s] ... ok
{2} tempest.api.volume.test_volumes_snapshots_list.VolumesSnapshotListTestJSON.test_snapshot_list_param_sort_name_desc [0.044458s] ... ok
{2} tempest.api.volume.test_volumes_snapshots_list.VolumesSnapshotListTestJSON.test_snapshots_list_details_with_params [0.138237s] ... ok
{2} tempest.api.volume.test_volumes_snapshots_list.VolumesSnapshotListTestJSON.test_snapshots_list_with_params [0.133112s] ... ok
{0} tempest.api.volume.admin.test_volume_manage.VolumeManageAdminTest.test_unmanage_manage_volume [20.432597s] ... ok
{0} tempest.api.volume.admin.test_volume_services.VolumesServicesTestJSON.test_get_service_by_host_name [0.035940s] ... ok
{0} tempest.api.volume.admin.test_volume_services.VolumesServicesTestJSON.test_get_service_by_service_and_host_name [0.035422s] ... ok
{0} tempest.api.volume.admin.test_volume_services.VolumesServicesTestJSON.test_get_service_by_service_binary_name [0.029264s] ... ok
{1} tempest.api.compute.volumes.test_attach_volume.AttachVolumeShelveTestJSON.test_detach_volume_shelved_or_offload_server [159.424338s] ... ok
{3} tempest.api.compute.servers.test_server_rescue.ServerBootFromVolumeStableRescueTest.test_stable_device_rescue_bfv_image_volume [83.090290s] ... ok
{0} tempest.api.volume.admin.test_volume_services.VolumesServicesTestJSON.test_get_service_by_volume_host_name [36.899353s] ... ok
{0} tempest.api.volume.admin.test_volume_services.VolumesServicesTestJSON.test_list_services [0.032953s] ... ok
{0} tempest.api.volume.admin.test_volume_services_negative.VolumeServicesNegativeTest.test_disable_log_reason_with_no_reason [0.024588s] ... ok
{0} tempest.api.volume.admin.test_volume_services_negative.VolumeServicesNegativeTest.test_disable_service_with_invalid_binary [0.033348s] ... ok
{0} tempest.api.volume.admin.test_volume_services_negative.VolumeServicesNegativeTest.test_enable_service_with_invalid_host [0.035228s] ... ok
{0} tempest.api.volume.admin.test_volume_services_negative.VolumeServicesNegativeTest.test_freeze_host_with_invalid_host [0.035949s] ... ok
{0} tempest.api.volume.admin.test_volume_services_negative.VolumeServicesNegativeTest.test_thaw_host_with_invalid_host [0.028636s] ... ok
{0} tempest.api.volume.admin.test_volume_snapshot_quotas_negative.VolumeSnapshotQuotasNegativeTestJSON.test_quota_volume_gigabytes_snapshots [0.262398s] ... ok
{0} tempest.api.volume.admin.test_volume_snapshot_quotas_negative.VolumeSnapshotQuotasNegativeTestJSON.test_quota_volume_snapshots [0.065136s] ... ok
{3} tempest.api.compute.volumes.test_attach_volume.AttachVolumeMultiAttachTest.test_boot_from_multiattach_volume [38.532166s] ... ok
{3} tempest.api.compute.volumes.test_attach_volume.AttachVolumeMultiAttachTest.test_boot_from_multiattach_volume_direct_lun ... SKIPPED: hw_scsi_model=virtio-scsi not set on image
{3} tempest.api.compute.volumes.test_attach_volume.AttachVolumeMultiAttachTest.test_boot_with_multiattach_volume_direct_lun ... SKIPPED: hw_scsi_model=virtio-scsi not set on image
{0} tempest.api.volume.admin.test_volume_types_negative.VolumeTypesNegativeTest.test_create_volume_type_encryption_nonexistent_type_id [0.167755s] ... ok
{0} tempest.api.volume.admin.test_volume_types_negative.VolumeTypesNegativeTest.test_create_volume_with_private_volume_type [0.255141s] ... ok
{0} tempest.api.volume.admin.test_volume_types_negative.VolumeTypesNegativeTest.test_create_with_empty_name [0.019710s] ... ok
{0} tempest.api.volume.admin.test_volume_types_negative.VolumeTypesNegativeTest.test_create_with_repeated_name [0.147455s] ... ok
{0} tempest.api.volume.admin.test_volume_types_negative.VolumeTypesNegativeTest.test_delete_nonexistent_type_id [0.023951s] ... ok
{0} tempest.api.volume.admin.test_volume_types_negative.VolumeTypesNegativeTest.test_get_nonexistent_type_id [0.022684s] ... ok
{0} setUpClass (tempest.api.volume.admin.test_volumes_backup.VolumesBackupsAdminTest) ... SKIPPED: Cinder backup feature disabled
{0} tempest.api.volume.admin.test_volumes_list.VolumesListAdminTestJSON.test_volume_list_param_tenant [3.600387s] ... ok
{0} tempest.api.volume.test_availability_zone.AvailabilityZoneTestJSON.test_get_availability_zone_list [0.135561s] ... ok
{0} tempest.api.volume.test_extensions.ExtensionsTestJSON.test_list_extensions [0.173769s] ... ok
{3} tempest.api.compute.volumes.test_attach_volume.AttachVolumeMultiAttachTest.test_list_get_volume_attachments_multiattach [111.064382s] ... ok
{0} tempest.api.volume.test_volume_delete_cascade.VolumesDeleteCascade.test_volume_delete_cascade [93.263005s] ... ok
{2} tempest.scenario.test_server_volume_attachment.TestServerVolumeAttachmentScenario.test_server_detach_rules [181.088288s] ... ok
{2} cinder_tempest_plugin.api.volume.test_create_from_image.VolumeAndVolumeTypeFromImageTest.test_create_from_image_with_volume_type_image_property [17.592678s] ... ok
{1} tempest.api.compute.volumes.test_attach_volume.AttachVolumeTestJSON.test_attach_detach_volume [248.031487s] ... ok
{0} tempest.api.volume.test_volume_delete_cascade.VolumesDeleteCascade.test_volume_from_snapshot_cascade_delete [64.733537s] ... ok
{0} tempest.api.volume.test_volume_transfers.VolumesTransfersV355Test.test_create_get_list_accept_volume_transfer [14.751448s] ... ok
{0} tempest.api.volume.test_volume_transfers.VolumesTransfersV355Test.test_create_list_delete_volume_transfer [7.098894s] ... ok
{0} tempest.api.volume.test_volume_transfers.VolumesTransfersV357Test.test_create_get_list_accept_volume_transfer [12.321663s] ... ok
{0} tempest.api.volume.test_volume_transfers.VolumesTransfersV357Test.test_create_list_delete_volume_transfer [29.447868s] ... ok
{0} setUpClass (tempest.api.volume.test_volumes_backup.VolumesBackupsTest) ... SKIPPED: Cinder backup feature disabled
{3} tempest.api.compute.volumes.test_attach_volume.AttachVolumeMultiAttachTest.test_resize_server_with_multiattached_volume [177.522211s] ... ok
{2} cinder_tempest_plugin.api.volume.test_volume_dependency.VolumeDependencyTests.test_delete_dep_chain [125.027198s] ... ok
{0} tempest.api.volume.test_volumes_extend.VolumesExtendTest.test_volume_extend [27.909263s] ... ok
{3} tempest.api.compute.volumes.test_volumes_get.VolumesGetTestJSON.test_volume_create_get_delete [6.009303s] ... ok
{1} tempest.api.compute.volumes.test_attach_volume.AttachVolumeTestJSON.test_list_get_volume_attachments [164.010512s] ... ok
{3} setUpClass (tempest.api.volume.admin.test_encrypted_volumes_extend.EncryptedVolumesExtendAttachedTest) ... SKIPPED: Attached encrypted volume extend is disabled.
{2} cinder_tempest_plugin.api.volume.test_volume_dependency.VolumeDependencyTests.test_delete_dep_chain_2 [120.228156s] ... ok
{1} tempest.api.compute.volumes.test_volumes_negative.VolumesNegativeTest.test_create_volume_with_invalid_size [0.198166s] ... ok
{1} tempest.api.compute.volumes.test_volumes_negative.VolumesNegativeTest.test_create_volume_with_size_zero [0.020019s] ... ok
{1} tempest.api.compute.volumes.test_volumes_negative.VolumesNegativeTest.test_create_volume_without_passing_size [0.020510s] ... ok
{1} tempest.api.compute.volumes.test_volumes_negative.VolumesNegativeTest.test_delete_invalid_volume_id [0.053001s] ... ok
{1} tempest.api.compute.volumes.test_volumes_negative.VolumesNegativeTest.test_delete_volume_without_passing_volume_id [0.014515s] ... ok
{1} tempest.api.compute.volumes.test_volumes_negative.VolumesNegativeTest.test_get_volume_without_passing_volume_id [0.013507s] ... ok
{1} tempest.api.compute.volumes.test_volumes_negative.VolumesNegativeTest.test_volume_delete_nonexistent_volume_id [0.053326s] ... ok
{1} tempest.api.compute.volumes.test_volumes_negative.VolumesNegativeTest.test_volume_get_nonexistent_volume_id [0.060036s] ... ok
{1} tempest.api.volume.admin.test_backends_capabilities.BackendsCapabilitiesAdminTestsJSON.test_compare_volume_stats_values [1.074823s] ... ok
{1} tempest.api.volume.admin.test_backends_capabilities.BackendsCapabilitiesAdminTestsJSON.test_get_capabilities_backend [0.566884s] ... ok
{3} tempest.api.volume.admin.test_group_snapshots.GroupSnapshotsV319Test.test_reset_group_snapshot_status [38.996986s] ... ok
{0} tempest.scenario.test_shelve_instance.TestShelveInstance.test_shelve_volume_backed_instance [180.377464s] ... ok
{2} cinder_tempest_plugin.api.volume.test_volume_dependency.VolumeDependencyTests.test_delete_source_snapshot [74.173715s] ... ok
{0} setUpClass (tempest.scenario.test_volume_backup_restore.TestVolumeBackupRestore) ... SKIPPED: Backup is not enable.
{3} tempest.api.volume.admin.test_groups.GroupsV314Test.test_create_group_from_group [59.732840s] ... ok
{0} tempest.scenario.test_volume_boot_pattern.TestVolumeBootPattern.test_boot_server_from_encrypted_volume_luks ... SKIPPED: Encrypted volume attach is not supported
{0} tempest.scenario.test_volume_boot_pattern.TestVolumeBootPattern.test_boot_server_from_encrypted_volume_luksv2 ... SKIPPED: Encrypted volume attach is not supported
{1} tempest.api.volume.admin.test_group_snapshots.GroupSnapshotsTest.test_create_group_from_group_snapshot [80.214845s] ... ok
{3} tempest.api.volume.admin.test_snapshots_actions.SnapshotsActionsTest.test_reset_snapshot_status [0.292089s] ... ok
{3} tempest.api.volume.admin.test_snapshots_actions.SnapshotsActionsTest.test_snapshot_force_delete_when_snapshot_is_creating [46.134562s] ... ok
{2} cinder_tempest_plugin.api.volume.test_volume_dependency.VolumeDependencyTests.test_delete_source_volume [68.874283s] ... ok
{1} tempest.api.volume.admin.test_group_snapshots.GroupSnapshotsTest.test_delete_group_snapshots_following_updated_volumes [98.097251s] ... ok
{3} tempest.api.volume.admin.test_snapshots_actions.SnapshotsActionsTest.test_snapshot_force_delete_when_snapshot_is_deleting [59.573755s] ... ok
{3} tempest.api.volume.admin.test_snapshots_actions.SnapshotsActionsTest.test_snapshot_force_delete_when_snapshot_is_error [19.168865s] ... ok
{2} cinder_tempest_plugin.api.volume.test_volume_revert.VolumeRevertTests.test_volume_revert_to_snapshot [44.224056s] ... ok
{3} tempest.api.volume.admin.test_snapshots_actions.SnapshotsActionsTest.test_snapshot_force_delete_when_snapshot_is_error_deleting [69.968123s] ... ok
{3} tempest.api.volume.admin.test_snapshots_actions.SnapshotsActionsTest.test_update_snapshot_status [0.257024s] ... ok
{1} tempest.api.volume.admin.test_group_snapshots.GroupSnapshotsTest.test_group_snapshot_create_show_list_delete [112.266563s] ... ok
{1} tempest.api.volume.admin.test_group_types.GroupTypesTest.test_group_type_create_list_update_show_delete [0.364818s] ... ok
{1} tempest.api.volume.admin.test_group_types.GroupTypesTest.test_group_type_list_by_optional_params [0.323264s] ... ok
{2} setUpClass (cinder_tempest_plugin.rbac.v3.test_backups.ProjectAdminTests39) ... SKIPPED: Tempest is not configured to enforce_scope for cinder, skipping RBAC tests. To enable these tests set `tempest.conf [enforce_scope] cinder=True`.
{2} setUpClass (cinder_tempest_plugin.rbac.v3.test_backups.ProjectReaderTests33) ... SKIPPED: Tempest is not configured to enforce_scope for cinder, skipping RBAC tests. To enable these tests set `tempest.conf [enforce_scope] cinder=True`.
{2} setUpClass (cinder_tempest_plugin.rbac.v3.test_capabilities.ProjectAdminTests) ... SKIPPED: Tempest is not configured to enforce_scope for cinder, skipping RBAC tests. To enable these tests set `tempest.conf [enforce_scope] cinder=True`.
{2} setUpClass (cinder_tempest_plugin.rbac.v3.test_capabilities.ProjectReaderTests) ... SKIPPED: Tempest is not configured to enforce_scope for cinder, skipping RBAC tests. To enable these tests set `tempest.conf [enforce_scope] cinder=True`.
{2} setUpClass (cinder_tempest_plugin.rbac.v3.test_volume_types.VolumeTypesReaderTests) ... SKIPPED: Tempest is not configured to enforce_scope for cinder, skipping RBAC tests. To enable these tests set `tempest.conf [enforce_scope] cinder=True`.
{1} tempest.api.volume.admin.test_volume_quotas_negative.VolumeQuotasNegativeTestJSON.test_quota_volume_gigabytes [0.205490s] ... ok
{1} tempest.api.volume.admin.test_volume_quotas_negative.VolumeQuotasNegativeTestJSON.test_quota_volumes [0.208687s] ... ok
{1} tempest.api.volume.admin.test_volume_quotas_negative.VolumeQuotasNegativeTestJSON.test_volume_extend_gigabytes_quota_deviation [0.165057s] ... ok
{3} tempest.api.volume.admin.test_user_messages.UserMessagesTest.test_delete_message [2.027589s] ... ok
{3} tempest.api.volume.admin.test_user_messages.UserMessagesTest.test_list_show_messages [1.833408s] ... ok
{3} setUpClass (tempest.api.volume.admin.test_volume_retype.VolumeRetypeWithMigrationTest) ... SKIPPED: Cinder multi-backend feature disabled
{0} tempest.scenario.test_volume_boot_pattern.TestVolumeBootPattern.test_image_defined_boot_from_volume [265.635718s] ... ok
{3} tempest.api.volume.admin.test_volumes_actions.VolumesActionsTest.test_force_detach_volume [34.868982s] ... ok
{3} tempest.api.volume.admin.test_volumes_actions.VolumesActionsTest.test_volume_force_delete_when_volume_is_attaching [10.172659s] ... ok
{3} tempest.api.volume.admin.test_volumes_actions.VolumesActionsTest.test_volume_force_delete_when_volume_is_creating [8.049732s] ... ok
{3} tempest.api.volume.admin.test_volumes_actions.VolumesActionsTest.test_volume_force_delete_when_volume_is_error [7.941771s] ... ok
{1} tempest.api.volume.admin.test_volume_retype.VolumeRetypeMultiattachTest.test_volume_retype_multiattach [100.522264s] ... ok
{3} tempest.api.volume.admin.test_volumes_actions.VolumesActionsTest.test_volume_force_delete_when_volume_is_maintenance [34.656594s] ... ok
{3} tempest.api.volume.admin.test_volumes_actions.VolumesActionsTest.test_volume_reset_status [9.499099s] ... ok
{1} tempest.api.volume.admin.test_volume_retype.VolumeRetypeWithoutMigrationTest.test_available_volume_retype [11.739595s] ... ok
{1} tempest.api.volume.admin.test_volume_types_extra_specs.VolumeTypesExtraSpecsTest.test_volume_type_extra_spec_create_get_delete [0.189535s] ... ok
{1} tempest.api.volume.admin.test_volume_types_extra_specs.VolumeTypesExtraSpecsTest.test_volume_type_extra_specs_list [0.084952s] ... ok
{1} tempest.api.volume.admin.test_volume_types_extra_specs.VolumeTypesExtraSpecsTest.test_volume_type_extra_specs_update [0.237819s] ... ok
{3} tempest.api.volume.test_image_metadata.VolumesImageMetadata.test_update_show_delete_image_metadata [0.226840s] ... ok
{1} tempest.api.volume.test_volumes_actions.VolumesActionsTest.test_attach_detach_volume_to_instance [21.684335s] ... ok
{3} tempest.api.volume.test_snapshot_metadata.SnapshotMetadataTestJSON.test_crud_snapshot_metadata [0.338991s] ... ok
{3} tempest.api.volume.test_snapshot_metadata.SnapshotMetadataTestJSON.test_update_show_snapshot_metadata_item [0.283121s] ... ok
{1} tempest.api.volume.test_volumes_actions.VolumesActionsTest.test_get_volume_attachment [23.211649s] ... ok
{1} tempest.api.volume.test_volumes_actions.VolumesActionsTest.test_reserve_unreserve_volume [0.234688s] ... ok
{1} tempest.api.volume.test_volumes_actions.VolumesActionsTest.test_volume_bootable [0.227351s] ... ok
{1} tempest.api.volume.test_volumes_actions.VolumesActionsTest.test_volume_readonly_update [0.232657s] ... ok
{3} tempest.api.volume.test_volume_absolute_limits.AbsoluteLimitsTests.test_get_volume_absolute_limits [0.065664s] ... ok
{1} tempest.api.volume.test_volumes_actions.VolumesActionsTest.test_volume_upload [31.581209s] ... ok
{1} setUpClass (tempest.api.volume.test_volumes_backup.VolumesBackupsV39Test) ... SKIPPED: Cinder backup feature disabled
{3} tempest.api.volume.test_volume_metadata.VolumesMetadataTest.test_crud_volume_metadata [0.361500s] ... ok
{3} tempest.api.volume.test_volume_metadata.VolumesMetadataTest.test_update_show_volume_metadata_item [0.249432s] ... ok
{3} tempest.api.volume.test_volumes_clone.VolumesCloneTest.test_create_from_bootable_volume [65.052483s] ... ok
{0} tempest.scenario.test_volume_boot_pattern.TestVolumeBootPattern.test_volume_boot_pattern [333.285592s] ... ok
{3} tempest.api.volume.test_volumes_clone.VolumesCloneTest.test_create_from_volume [66.978251s] ... ok
{1} tempest.api.volume.test_volumes_extend.VolumesExtendAttachedTest.test_extend_attached_volume [133.794142s] ... ok
{0} setUpClass (tempest.scenario.test_volume_migrate_attached.TestVolumeMigrateRetypeAttached) ... SKIPPED: Cinder multi-backend feature disabled
{1} tempest.api.volume.test_volumes_get.VolumesSummaryTest.test_show_volume_summary [0.188325s] ... ok
{3} tempest.api.volume.test_volumes_clone_negative.VolumesCloneNegativeTest.test_create_from_volume_decreasing_size [10.276940s] ... ok
{3} tempest.api.volume.test_volumes_snapshots.VolumesSnapshotTestJSON.test_snapshot_backup ... SKIPPED: Cinder backup is disabled
{1} tempest.api.volume.test_volumes_list.VolumesListTestJSON.test_volume_list [0.044520s] ... ok
{1} tempest.api.volume.test_volumes_list.VolumesListTestJSON.test_volume_list_by_name [0.042048s] ... ok
{1} tempest.api.volume.test_volumes_list.VolumesListTestJSON.test_volume_list_details_by_name [0.083441s] ... ok
{1} tempest.api.volume.test_volumes_list.VolumesListTestJSON.test_volume_list_details_pagination [0.316497s] ... ok
{1} tempest.api.volume.test_volumes_list.VolumesListTestJSON.test_volume_list_details_with_multiple_params [0.157409s] ... ok
{1} tempest.api.volume.test_volumes_list.VolumesListTestJSON.test_volume_list_pagination [0.202201s] ... ok
{1} tempest.api.volume.test_volumes_list.VolumesListTestJSON.test_volume_list_param_display_name_and_status [0.062245s] ... ok
{1} tempest.api.volume.test_volumes_list.VolumesListTestJSON.test_volume_list_with_detail_param_display_name_and_status [0.091326s] ... ok
{1} tempest.api.volume.test_volumes_list.VolumesListTestJSON.test_volume_list_with_detail_param_marker [0.081313s] ... ok
{1} tempest.api.volume.test_volumes_list.VolumesListTestJSON.test_volume_list_with_detail_param_metadata [0.095172s] ... ok
{1} tempest.api.volume.test_volumes_list.VolumesListTestJSON.test_volume_list_with_details [0.054118s] ... ok
{1} tempest.api.volume.test_volumes_list.VolumesListTestJSON.test_volume_list_with_param_metadata [0.063713s] ... ok
{1} tempest.api.volume.test_volumes_list.VolumesListTestJSON.test_volumes_list_by_availability_zone [0.124686s] ... ok
{1} tempest.api.volume.test_volumes_list.VolumesListTestJSON.test_volumes_list_by_bootable [0.119938s] ... ok
{1} tempest.api.volume.test_volumes_list.VolumesListTestJSON.test_volumes_list_by_status [0.106464s] ... ok
{1} tempest.api.volume.test_volumes_list.VolumesListTestJSON.test_volumes_list_details_by_availability_zone [0.083767s] ... ok
{1} tempest.api.volume.test_volumes_list.VolumesListTestJSON.test_volumes_list_details_by_bootable [0.060157s] ... ok
{1} tempest.api.volume.test_volumes_list.VolumesListTestJSON.test_volumes_list_details_by_status [0.064572s] ... ok
{3} tempest.api.volume.test_volumes_snapshots.VolumesSnapshotTestJSON.test_snapshot_create_get_list_update_delete [46.159705s] ... ok
{0} cinder_tempest_plugin.api.volume.admin.test_consistencygroups.ConsistencyGroupsV2Test.test_consistencygroup_cgsnapshot_create_delete [65.272262s] ... ok
{1} setUpClass (tempest.scenario.test_encrypted_cinder_volumes.TestEncryptedCinderVolumes) ... SKIPPED: Encrypted volume attach is not supported
{0} cinder_tempest_plugin.api.volume.admin.test_consistencygroups.ConsistencyGroupsV2Test.test_consistencygroup_create_delete [9.586941s] ... ok
{0} cinder_tempest_plugin.api.volume.admin.test_consistencygroups.ConsistencyGroupsV2Test.test_create_consistencygroup_from_cgsnapshot [114.930656s] ... ok
{0} cinder_tempest_plugin.api.volume.admin.test_consistencygroups.ConsistencyGroupsV2Test.test_create_consistencygroup_from_consistencygroup [64.359580s] ... ok
{1} tempest.scenario.test_minimum_basic.TestMinimumBasicScenario.test_minimum_basic_instance_hard_reboot_after_vol_snap_deletion [217.026831s] ... ok
{0} cinder_tempest_plugin.api.volume.test_multiple_volume_from_resource.CreateVolumesFromSnapshotTest.test_create_multiple_volume_from_snapshot [42.291408s] ... ok
{3} tempest.api.volume.test_volumes_snapshots.VolumesSnapshotTestJSON.test_snapshot_create_offline_delete_online [260.069933s] ... ok
{0} cinder_tempest_plugin.api.volume.test_volume_dependency.VolumeImageDependencyTests.test_image_volume_dependencies_1 [22.271057s] ... ok
{3} tempest.api.volume.test_volumes_snapshots.VolumesSnapshotTestJSON.test_volume_from_snapshot [98.138690s] ... ok
{0} cinder_tempest_plugin.api.volume.test_volume_dependency.VolumeImageDependencyTests.test_image_volume_dependencies_2 [94.444722s] ... ok
{1} tempest.scenario.test_minimum_basic.TestMinimumBasicScenario.test_minimum_basic_scenario [171.722221s] ... ok
{3} tempest.api.volume.test_volumes_snapshots.VolumesSnapshotTestJSON.test_volume_from_snapshot_no_size [80.040118s] ... ok
{3} tempest.api.volume.test_volumes_snapshots_negative.VolumesSnapshotNegativeTestJSON.test_create_snapshot_with_nonexistent_volume_id [0.147472s] ... ok
{3} tempest.api.volume.test_volumes_snapshots_negative.VolumesSnapshotNegativeTestJSON.test_create_snapshot_without_passing_volume_id [0.047632s] ... ok
{3} tempest.api.volume.test_volumes_snapshots_negative.VolumesSnapshotNegativeTestJSON.test_list_snapshot_invalid_param_limit [0.017192s] ... ok
{3} tempest.api.volume.test_volumes_snapshots_negative.VolumesSnapshotNegativeTestJSON.test_list_snapshots_invalid_param_marker [0.029772s] ... ok
{3} tempest.api.volume.test_volumes_snapshots_negative.VolumesSnapshotNegativeTestJSON.test_list_snapshots_invalid_param_sort [0.019409s] ... ok
{3} tempest.api.volume.test_volumes_snapshots_negative.VolumesSnapshotNegativeTestJSON.test_volume_from_snapshot_decreasing_size [40.299767s] ... ok
{0} cinder_tempest_plugin.api.volume.test_volume_dependency.VolumeImageDependencyTests.test_image_volume_dependencies_3 [105.264594s] ... ok
{0} setUpClass (cinder_tempest_plugin.rbac.v3.test_backups.ProjectMemberTests33) ... SKIPPED: Tempest is not configured to enforce_scope for cinder, skipping RBAC tests. To enable these tests set `tempest.conf [enforce_scope] cinder=True`.
{0} setUpClass (cinder_tempest_plugin.rbac.v3.test_backups.ProjectReaderTests39) ... SKIPPED: Tempest is not configured to enforce_scope for cinder, skipping RBAC tests. To enable these tests set `tempest.conf [enforce_scope] cinder=True`.
{0} setUpClass (cinder_tempest_plugin.rbac.v3.test_snapshots.ProjectMemberTests) ... SKIPPED: Tempest is not configured to enforce_scope for cinder, skipping RBAC tests. To enable these tests set `tempest.conf [enforce_scope] cinder=True`.
{0} setUpClass (cinder_tempest_plugin.rbac.v3.test_volume_types.VolumeTypesAdminTests) ... SKIPPED: Tempest is not configured to enforce_scope for cinder, skipping RBAC tests. To enable these tests set `tempest.conf [enforce_scope] cinder=True`.
{0} setUpClass (cinder_tempest_plugin.rbac.v3.test_volume_types.VolumeTypesMemberTests) ... SKIPPED: Tempest is not configured to enforce_scope for cinder, skipping RBAC tests. To enable these tests set `tempest.conf [enforce_scope] cinder=True`.
{0} setUpClass (cinder_tempest_plugin.scenario.test_volume_encrypted.TestEncryptedCinderVolumes) ... SKIPPED: Encrypted volume attach is not supported
{3} tempest.scenario.test_instances_with_cinder_volumes.TestInstancesWithCinderVolumes.test_instances_with_cinder_volumes_on_all_compute_nodes [209.114337s] ... ok
{1} tempest.scenario.test_stamp_pattern.TestStampPattern.test_stamp_pattern [293.946807s] ... ok
{1} setUpClass (cinder_tempest_plugin.api.volume.test_multiple_volume_from_resource.CreateVolumesFromBackupTest) ... SKIPPED: Cinder backup feature disabled
{1} cinder_tempest_plugin.api.volume.test_multiple_volume_from_resource.CreateVolumesFromImageTest.test_create_from_image_multiple [7.891799s] ... ok
{1} setUpClass (cinder_tempest_plugin.api.volume.test_volume_backup.VolumesBackupsTest) ... SKIPPED: Cinder backup feature disabled
{1} setUpClass (cinder_tempest_plugin.rbac.v3.test_backups.ProjectAdminTests33) ... SKIPPED: Tempest is not configured to enforce_scope for cinder, skipping RBAC tests. To enable these tests set `tempest.conf [enforce_scope] cinder=True`.
{1} setUpClass (cinder_tempest_plugin.rbac.v3.test_backups.ProjectMemberTests39) ... SKIPPED: Tempest is not configured to enforce_scope for cinder, skipping RBAC tests. To enable these tests set `tempest.conf [enforce_scope] cinder=True`.
{1} setUpClass (cinder_tempest_plugin.rbac.v3.test_snapshots.ProjectReaderTests) ... SKIPPED: Tempest is not configured to enforce_scope for cinder, skipping RBAC tests. To enable these tests set `tempest.conf [enforce_scope] cinder=True`.
{1} setUpClass (cinder_tempest_plugin.rbac.v3.test_user_messages.ProjectMemberTests) ... SKIPPED: Tempest is not configured to enforce_scope for cinder, skipping RBAC tests. To enable these tests set `tempest.conf [enforce_scope] cinder=True`.
{1} setUpClass (cinder_tempest_plugin.rbac.v3.test_volume_actions.ProjectReaderTests) ... SKIPPED: Tempest is not configured to enforce_scope for cinder, skipping RBAC tests. To enable these tests set `tempest.conf [enforce_scope] cinder=True`.
{1} setUpClass (cinder_tempest_plugin.scenario.test_encrypted_volume_transfer.TransferEncryptedVolumeTest) ... SKIPPED: Encrypted volume attach is not supported
{1} cinder_tempest_plugin.scenario.test_snapshots.SnapshotDependencyTests.test_snapshot_removal [83.024089s] ... ok
{3} tempest.scenario.test_server_volume_attachment.TestServerVolumeAttachScenarioOldVersion.test_old_versions_reject [124.234215s] ... ok
{1} setUpClass (cinder_tempest_plugin.scenario.test_volume_concurrency.ConcurrentVolumeActionsTest) ... SKIPPED: Concurrency tests are disabled.
{3} setUpClass (cinder_tempest_plugin.api.volume.admin.test_volume_backup.VolumesBackupsTest) ... SKIPPED: Cinder backup feature disabled
{3} cinder_tempest_plugin.api.volume.test_multiple_volume_from_resource.CreateVolumesFromSourceVolumeTest.test_create_multiple_volume_from_source_volume [11.400147s] ... ok
{3} cinder_tempest_plugin.api.volume.test_volume_unicode.CinderUnicodeTest.test_create_delete_unicode_volume_name [0.065008s] ... ok
{3} cinder_tempest_plugin.api.volume.test_volume_unicode.CinderUnicodeTest.test_snapshot_create_volume_description_non_ascii_code [14.188153s] ... ok
{3} setUpClass (cinder_tempest_plugin.rbac.v3.test_capabilities.ProjectMemberTests) ... SKIPPED: Tempest is not configured to enforce_scope for cinder, skipping RBAC tests. To enable these tests set `tempest.conf [enforce_scope] cinder=True`.
{3} setUpClass (cinder_tempest_plugin.rbac.v3.test_user_messages.ProjectAdminTests) ... SKIPPED: Tempest is not configured to enforce_scope for cinder, skipping RBAC tests. To enable these tests set `tempest.conf [enforce_scope] cinder=True`.
{3} setUpClass (cinder_tempest_plugin.rbac.v3.test_user_messages.ProjectReaderTests) ... SKIPPED: Tempest is not configured to enforce_scope for cinder, skipping RBAC tests. To enable these tests set `tempest.conf [enforce_scope] cinder=True`.
{3} setUpClass (cinder_tempest_plugin.rbac.v3.test_volumes.ProjectReaderTests) ... SKIPPED: Tempest is not configured to enforce_scope for cinder, skipping RBAC tests. To enable these tests set `tempest.conf [enforce_scope] cinder=True`.
{1} cinder_tempest_plugin.scenario.test_volume_multiattach.VolumeMultiattachTests.test_multiattach_data_integrity [382.774472s] ... ok
{1} cinder_tempest_plugin.scenario.test_volume_multiattach.VolumeMultiattachTests.test_volume_multiattach_same_host_negative [120.783864s] ... ok

======
Totals
======
Ran: 321 tests in 3570.8430 sec.
 - Passed: 275
 - Skipped: 46
 - Expected Fail: 0
 - Unexpected Success: 0
 - Failed: 0
Sum of execute time for each test: 9318.8287 sec.

==============
Worker Balance
==============
 - Worker 0 (68 tests) => 0:45:07.000180
 - Worker 1 (75 tests) => 0:59:23.518479
 - Worker 2 (115 tests) => 0:29:18.817594
 - Worker 3 (63 tests) => 0:53:14.520117
___________________________________ summary ____________________________________
  all: commands succeeded
  congratulations :)
commit_id: efb95de1c
2025/10/18 10:14:58
