d149436a1 [IBM SVf Driver] Added support of clone operation for volumegroup
2025/10/17 06:14:45
all develop-inst-nodeps: /opt/stack/tempest
all installed: attrs==25.3.0,autopage==0.5.2,bcrypt==4.0.1,certifi==2025.10.5,cffi==1.17.1,charset-normalizer==3.4.2,cinder-tempest-plugin @ git+https://opendev.org/openstack/cinder-tempest-plugin.git@058e172729cde892e61ee65c931d5defc0d3d81c,cliff==4.11.0,cmd2==2.7.0,cryptography==43.0.3,debtcollector==3.0.0,defusedxml==0.7.1,fasteners==0.19,fixtures==4.2.5,idna==3.10,iso8601==2.1.0,jsonschema==4.25.0,jsonschema-specifications==2025.4.1,markdown-it-py==3.0.0,mdurl==0.1.2,msgpack==1.1.1,netaddr==1.3.0,oslo.concurrency==7.2.0,oslo.config==10.0.0,oslo.context==6.1.0,oslo.i18n==6.6.0,oslo.log==7.2.1,oslo.serialization==5.8.0,oslo.utils==9.1.0,packaging==25.0,paramiko==3.5.1,pbr==7.0.1,prettytable==3.16.0,psutil==7.0.0,pycparser==2.22,Pygments==2.19.2,PyNaCl==1.5.0,pyparsing==3.2.3,pyperclip==1.9.0,python-dateutil==2.9.0.post0,python-subunit==1.4.4,PyYAML==6.0.2,referencing==0.36.2,requests==2.32.4,rfc3986==2.0.0,rich==14.1.0,rich-argparse==1.7.1,rpds-py==0.26.0,six==1.17.0,stestr==4.2.0,stevedore==5.5.0,-e git+https://opendev.org/openstack/tempest.git@cce8eba502fa2c0cebb1633111e73bae6a69d2f0#egg=tempest,testscenarios==0.5.0,testtools==2.7.2,tomlkit==0.13.3,typing_extensions==4.14.1,tzdata==2025.2,urllib3==1.26.20,voluptuous==0.15.2,wcwidth==0.2.13,wrapt==1.17.2
all run-test-pre: PYTHONHASHSEED='1862994124'
all run-test: commands[0] | find . -type f -name '*.pyc' -delete
all run-test: commands[1] | tempest run --regex '^(?=.*volume|.*cinder_tempest_plugin).*' --concurrency=4 --exclude-list /opt/stack/tempest/exclude_testcases_fc.txt
{2} setUpClass (tempest.api.compute.admin.test_live_migration.LiveMigrationTest) ... SKIPPED: LiveMigrationTest skipped as live-migration is not available
{0} setUpClass (tempest.api.compute.admin.test_live_migration.LiveMigrationWithoutHostTest) ... SKIPPED: LiveMigrationWithoutHostTest skipped as live-migration is not available
{0} tempest.api.compute.admin.test_volumes_negative.UpdateMultiattachVolumeNegativeTest.test_multiattach_rw_volume_update_failure ... SKIPPED: Skipped until bug: https://launchpad.net/bugs/2112187 is resolved.
{3} tempest.api.compute.admin.test_volume_swap.TestVolumeSwap.test_volume_swap ... SKIPPED: Skipped until bug: https://launchpad.net/bugs/2112187 is resolved.
{3} tempest.api.compute.servers.test_device_tagging.TaggedBootDevicesTest.test_tagged_boot_devices [138.399651s] ... ok
{0} tempest.api.compute.servers.test_device_tagging.TaggedBootDevicesTest_v242.test_tagged_boot_devices [141.308343s] ... ok
{1} tempest.api.compute.admin.test_assisted_volume_snapshots.VolumesAssistedSnapshotsTest.test_volume_assisted_snapshot_create_delete [207.885635s] ... ok
{2} tempest.api.compute.admin.test_volume_swap.TestMultiAttachVolumeSwap.test_volume_swap_with_multiattach [219.002612s] ... ok
{1} setUpClass (tempest.api.compute.admin.test_live_migration.LiveAutoBlockMigrationV225Test) ... SKIPPED: LiveAutoBlockMigrationV225Test skipped as live-migration is not available
{3} tempest.api.compute.servers.test_server_rescue_negative.ServerRescueNegativeTestJSON.test_rescued_vm_attach_volume [21.888435s] ... ok
{2} tempest.api.compute.admin.test_volumes_negative.VolumesAdminNegativeTest.test_update_attached_volume_with_nonexistent_volume_in_body ... SKIPPED: Skipped until bug: https://launchpad.net/bugs/2112187 is resolved.
{2} tempest.api.compute.admin.test_volumes_negative.VolumesAdminNegativeTest.test_update_attached_volume_with_nonexistent_volume_in_uri [19.104789s] ... ok
{1} tempest.api.compute.admin.test_volume.AttachSCSIVolumeTestJSON.test_attach_scsi_disk_with_config_drive [92.219371s] ... ok
{1} tempest.api.compute.servers.test_delete_server.DeleteServersTestJSON.test_delete_server_while_in_attached_volume [38.420559s] ... ok
{0} tempest.api.compute.servers.test_server_rescue.ServerStableDeviceRescueTest.test_stable_device_rescue_disk_virtio_with_volume_attached [192.100324s] ... ok
{3} tempest.api.compute.servers.test_server_rescue_negative.ServerRescueNegativeTestJSON.test_rescued_vm_detach_volume [179.714140s] ... ok
{0} tempest.api.compute.volumes.test_volume_snapshots.VolumesSnapshotsTestJSON.test_volume_snapshot_create_get_list_delete [52.182860s] ... ok
{0} tempest.api.volume.admin.test_backends_capabilities.BackendsCapabilitiesAdminTestsJSON.test_compare_volume_stats_values [1.078581s] ... ok
{0} tempest.api.volume.admin.test_backends_capabilities.BackendsCapabilitiesAdminTestsJSON.test_get_capabilities_backend [0.544340s] ... ok
{3} tempest.api.compute.servers.test_servers_negative.ServersNegativeTestJSON.test_create_server_from_non_bootable_volume [16.877182s] ... ok
{1} tempest.api.compute.servers.test_device_tagging.TaggedAttachmentsTest.test_tagged_attachment [137.925349s] ... ok
{3} tempest.api.compute.servers.test_servers_negative.ServersNegativeTestJSON.test_create_server_invalid_bdm_in_2nd_dict [4.937691s] ... ok
{2} tempest.api.compute.servers.test_server_actions.ServerActionsTestOtherA.test_rebuild_server_with_volume_attached [186.747305s] ... ok
{0} tempest.api.volume.admin.test_group_snapshots.GroupSnapshotsTest.test_create_group_from_group_snapshot [103.288689s] ... ok
{0} tempest.api.volume.admin.test_group_snapshots.GroupSnapshotsTest.test_delete_group_snapshots_following_updated_volumes [69.981691s] ... ok
{1} tempest.api.compute.servers.test_server_rescue.ServerBootFromVolumeStableRescueTest.test_stable_device_rescue_bfv_blank_volume [103.828448s] ... ok
{0} tempest.api.volume.admin.test_group_snapshots.GroupSnapshotsTest.test_group_snapshot_create_show_list_delete [53.765015s] ... ok
{2} tempest.api.compute.servers.test_server_actions.ServerActionsTestOtherA.test_resize_volume_backed_server_confirm [131.885961s] ... ok
{0} tempest.api.volume.admin.test_groups.GroupsTest.test_group_create_show_list_delete [22.399671s] ... ok
{0} tempest.api.volume.admin.test_groups.GroupsTest.test_group_update [17.867837s] ... ok
{1} tempest.api.compute.servers.test_server_rescue.ServerBootFromVolumeStableRescueTest.test_stable_device_rescue_bfv_image_volume [80.941845s] ... ok
{0} tempest.api.volume.admin.test_groups.GroupsV314Test.test_create_group_from_group [67.243986s] ... ok
{0} setUpClass (tempest.api.volume.admin.test_multi_backend.VolumeMultiBackendTest) ... SKIPPED: Cinder multi-backend feature disabled
{0} tempest.api.volume.admin.test_qos.QosSpecsTestJSON.test_associate_disassociate_qos [0.786968s] ... ok
{0} tempest.api.volume.admin.test_qos.QosSpecsTestJSON.test_create_delete_qos_with_back_end_consumer [0.205603s] ... ok
{0} tempest.api.volume.admin.test_qos.QosSpecsTestJSON.test_create_delete_qos_with_both_consumer [0.223287s] ... ok
{0} tempest.api.volume.admin.test_qos.QosSpecsTestJSON.test_create_delete_qos_with_front_end_consumer [0.190911s] ... ok
{0} tempest.api.volume.admin.test_qos.QosSpecsTestJSON.test_get_qos [0.027948s] ... ok
{0} tempest.api.volume.admin.test_qos.QosSpecsTestJSON.test_list_qos [0.027392s] ... ok
{0} tempest.api.volume.admin.test_qos.QosSpecsTestJSON.test_set_unset_qos_key [0.179446s] ... ok
{0} setUpClass (tempest.api.volume.admin.test_volume_retype.VolumeRetypeWithMigrationTest) ... SKIPPED: Cinder multi-backend feature disabled
{0} tempest.api.volume.admin.test_volume_services.VolumesServicesTestJSON.test_get_service_by_host_name [0.038688s] ... ok
{0} tempest.api.volume.admin.test_volume_services.VolumesServicesTestJSON.test_get_service_by_service_and_host_name [0.035273s] ... ok
{0} tempest.api.volume.admin.test_volume_services.VolumesServicesTestJSON.test_get_service_by_service_binary_name [0.030354s] ... ok
{0} tempest.api.volume.admin.test_volume_services.VolumesServicesTestJSON.test_get_service_by_volume_host_name [12.371431s] ... ok
{0} tempest.api.volume.admin.test_volume_services.VolumesServicesTestJSON.test_list_services [0.030543s] ... ok
{1} tempest.api.compute.volumes.test_attach_volume.AttachVolumeMultiAttachTest.test_boot_from_multiattach_volume [36.565743s] ... ok
{1} tempest.api.compute.volumes.test_attach_volume.AttachVolumeMultiAttachTest.test_boot_from_multiattach_volume_direct_lun ... SKIPPED: hw_scsi_model=virtio-scsi not set on image
{1} tempest.api.compute.volumes.test_attach_volume.AttachVolumeMultiAttachTest.test_boot_with_multiattach_volume_direct_lun ... SKIPPED: hw_scsi_model=virtio-scsi not set on image
{0} tempest.api.volume.admin.test_volume_snapshot_quotas_negative.VolumeSnapshotQuotasNegativeTestJSON.test_quota_volume_gigabytes_snapshots [0.210880s] ... ok
{0} tempest.api.volume.admin.test_volume_snapshot_quotas_negative.VolumeSnapshotQuotasNegativeTestJSON.test_quota_volume_snapshots [0.047661s] ... ok
{3} tempest.api.compute.volumes.test_attach_volume.AttachVolumeTestJSON.test_attach_detach_volume [258.318695s] ... ok
{2} tempest.api.compute.servers.test_server_actions.ServerActionsTestOtherB.test_resize_server_revert_with_volume_attached [92.526425s] ... ok
{0} tempest.api.volume.admin.test_volume_types.VolumeTypesTest.test_volume_crud_with_volume_type_and_extra_specs [11.782589s] ... ok
{0} tempest.api.volume.admin.test_volume_types.VolumeTypesTest.test_volume_type_create_get_delete [0.177101s] ... ok
{0} tempest.api.volume.admin.test_volume_types.VolumeTypesTest.test_volume_type_encryption_create_get_update_delete [0.494534s] ... ok
{0} tempest.api.volume.admin.test_volume_types.VolumeTypesTest.test_volume_type_list [0.046522s] ... ok
{0} tempest.api.volume.admin.test_volume_types.VolumeTypesTest.test_volume_type_update [0.244722s] ... ok
{0} setUpClass (tempest.api.volume.admin.test_volumes_backup.VolumesBackupsAdminTest) ... SKIPPED: Cinder backup feature disabled
{0} tempest.api.volume.test_volume_metadata.VolumesMetadataTest.test_crud_volume_metadata [0.335776s] ... ok
{0} tempest.api.volume.test_volume_metadata.VolumesMetadataTest.test_update_show_volume_metadata_item [0.230532s] ... ok
{1} tempest.api.compute.volumes.test_attach_volume.AttachVolumeMultiAttachTest.test_list_get_volume_attachments_multiattach [120.143536s] ... ok
{3} tempest.api.compute.volumes.test_attach_volume.AttachVolumeTestJSON.test_list_get_volume_attachments [160.916805s] ... ok
{3} tempest.api.volume.admin.test_group_type_specs.GroupTypeSpecsTest.test_group_type_specs_create_show_update_list_delete [0.580375s] ... ok
{3} tempest.api.volume.admin.test_groups.GroupsV320Test.test_reset_group_status [3.171313s] ... ok
{3} tempest.api.volume.admin.test_volume_pools.VolumePoolsAdminTestsJSON.test_get_pools_with_details [0.677969s] ... ok
{3} tempest.api.volume.admin.test_volume_pools.VolumePoolsAdminTestsJSON.test_get_pools_without_details [0.525929s] ... ok
{0} tempest.api.volume.test_volumes_extend.VolumesExtendAttachedTest.test_extend_attached_volume [121.902624s] ... ok
{3} tempest.api.volume.admin.test_volume_quotas.VolumeQuotasAdminTestJSON.test_delete_quota [0.254561s] ... ok
{3} tempest.api.volume.admin.test_volume_quotas.VolumeQuotasAdminTestJSON.test_list_default_quotas [0.040481s] ... ok
{3} tempest.api.volume.admin.test_volume_quotas.VolumeQuotasAdminTestJSON.test_list_quotas [0.048102s] ... ok
{3} tempest.api.volume.admin.test_volume_quotas.VolumeQuotasAdminTestJSON.test_quota_usage [7.065928s] ... ok
{0} tempest.api.volume.test_volumes_snapshots.VolumesSnapshotTestJSON.test_snapshot_backup ... SKIPPED: Cinder backup is disabled
{3} tempest.api.volume.admin.test_volume_quotas.VolumeQuotasAdminTestJSON.test_quota_usage_after_volume_transfer [11.338287s] ... ok
{3} tempest.api.volume.admin.test_volume_quotas.VolumeQuotasAdminTestJSON.test_show_quota_usage [0.071904s] ... ok
{3} tempest.api.volume.admin.test_volume_quotas.VolumeQuotasAdminTestJSON.test_update_all_quota_resources_for_tenant [0.250425s] ... ok
{3} tempest.api.volume.admin.test_volume_quotas_negative.VolumeQuotasNegativeTestJSON.test_quota_volume_gigabytes [0.221946s] ... ok
{3} tempest.api.volume.admin.test_volume_quotas_negative.VolumeQuotasNegativeTestJSON.test_quota_volumes [0.219578s] ... ok
{3} tempest.api.volume.admin.test_volume_quotas_negative.VolumeQuotasNegativeTestJSON.test_volume_extend_gigabytes_quota_deviation [0.147301s] ... ok
{2} tempest.api.compute.servers.test_server_actions.ServerActionsV293TestJSON.test_rebuild_volume_backed_server [141.235235s] ... ok
{0} tempest.api.volume.test_volumes_snapshots.VolumesSnapshotTestJSON.test_snapshot_create_get_list_update_delete [43.065797s] ... ok
{3} tempest.api.volume.admin.test_volume_types_negative.VolumeTypesNegativeTest.test_create_volume_type_encryption_nonexistent_type_id [0.194298s] ... ok
{3} tempest.api.volume.admin.test_volume_types_negative.VolumeTypesNegativeTest.test_create_volume_with_private_volume_type [0.268260s] ... ok
{3} tempest.api.volume.admin.test_volume_types_negative.VolumeTypesNegativeTest.test_create_with_empty_name [0.020032s] ... ok
{3} tempest.api.volume.admin.test_volume_types_negative.VolumeTypesNegativeTest.test_create_with_repeated_name [0.161995s] ... ok
{3} tempest.api.volume.admin.test_volume_types_negative.VolumeTypesNegativeTest.test_delete_nonexistent_type_id [0.024513s] ... ok
{3} tempest.api.volume.admin.test_volume_types_negative.VolumeTypesNegativeTest.test_get_nonexistent_type_id [0.022668s] ... ok
{3} tempest.api.volume.admin.test_volumes_actions.VolumesActionsTest.test_force_detach_volume [34.287431s] ... ok
{3} tempest.api.volume.admin.test_volumes_actions.VolumesActionsTest.test_volume_force_delete_when_volume_is_attaching [7.966985s] ... ok
{3} tempest.api.volume.admin.test_volumes_actions.VolumesActionsTest.test_volume_force_delete_when_volume_is_creating [8.958049s] ... ok
{3} tempest.api.volume.admin.test_volumes_actions.VolumesActionsTest.test_volume_force_delete_when_volume_is_error [8.025111s] ... ok
{1} tempest.api.compute.volumes.test_attach_volume.AttachVolumeMultiAttachTest.test_resize_server_with_multiattached_volume [211.920424s] ... ok
{3} tempest.api.volume.admin.test_volumes_actions.VolumesActionsTest.test_volume_force_delete_when_volume_is_maintenance [7.965563s] ... ok
{3} tempest.api.volume.admin.test_volumes_actions.VolumesActionsTest.test_volume_reset_status [9.427962s] ... ok
{3} tempest.api.volume.admin.test_volumes_list.VolumesListAdminTestJSON.test_volume_list_param_tenant [4.730611s] ... ok
{1} tempest.api.compute.volumes.test_volumes_get.VolumesGetTestJSON.test_volume_create_get_delete [24.526648s] ... ok
{2} tempest.api.compute.volumes.test_attach_volume.AttachVolumeShelveTestJSON.test_attach_volume_shelved_or_offload_server [190.415374s] ... ok
{3} tempest.api.volume.test_image_metadata.VolumesImageMetadata.test_update_show_delete_image_metadata [0.248948s] ... ok
{1} tempest.api.compute.volumes.test_volumes_list.VolumesTestJSON.test_volume_list [0.079978s] ... ok
{1} tempest.api.compute.volumes.test_volumes_list.VolumesTestJSON.test_volume_list_param_limit [0.076653s] ... ok
{1} tempest.api.compute.volumes.test_volumes_list.VolumesTestJSON.test_volume_list_param_offset_and_limit [0.161950s] ... ok
{1} tempest.api.compute.volumes.test_volumes_list.VolumesTestJSON.test_volume_list_with_detail_param_limit [0.085019s] ... ok
{1} tempest.api.compute.volumes.test_volumes_list.VolumesTestJSON.test_volume_list_with_detail_param_offset_and_limit [0.159660s] ... ok
{1} tempest.api.compute.volumes.test_volumes_list.VolumesTestJSON.test_volume_list_with_details [0.075411s] ... ok
{1} tempest.api.compute.volumes.test_volumes_negative.VolumesNegativeTest.test_create_volume_with_invalid_size [0.198902s] ... ok
{1} tempest.api.compute.volumes.test_volumes_negative.VolumesNegativeTest.test_create_volume_with_size_zero [0.020112s] ... ok
{1} tempest.api.compute.volumes.test_volumes_negative.VolumesNegativeTest.test_create_volume_without_passing_size [0.020112s] ... ok
{1} tempest.api.compute.volumes.test_volumes_negative.VolumesNegativeTest.test_delete_invalid_volume_id [0.049855s] ... ok
{1} tempest.api.compute.volumes.test_volumes_negative.VolumesNegativeTest.test_delete_volume_without_passing_volume_id [0.012825s] ... ok
{1} tempest.api.compute.volumes.test_volumes_negative.VolumesNegativeTest.test_get_volume_without_passing_volume_id [0.012551s] ... ok
{1} tempest.api.compute.volumes.test_volumes_negative.VolumesNegativeTest.test_volume_delete_nonexistent_volume_id [0.051155s] ... ok
{1} tempest.api.compute.volumes.test_volumes_negative.VolumesNegativeTest.test_volume_get_nonexistent_volume_id [0.055353s] ... ok
{0} tempest.api.volume.test_volumes_snapshots.VolumesSnapshotTestJSON.test_snapshot_create_offline_delete_online [243.772292s] ... ok
{3} tempest.api.volume.test_volume_delete_cascade.VolumesDeleteCascade.test_volume_delete_cascade [48.563888s] ... ok
{1} tempest.api.volume.admin.test_group_snapshots.GroupSnapshotsV319Test.test_reset_group_snapshot_status [58.460332s] ... ok
{1} tempest.api.volume.admin.test_user_messages.UserMessagesTest.test_delete_message [1.960205s] ... ok
{1} tempest.api.volume.admin.test_user_messages.UserMessagesTest.test_list_show_messages [1.734844s] ... ok
{1} tempest.api.volume.admin.test_volume_hosts.VolumeHostsAdminTestsJSON.test_list_hosts [0.163527s] ... ok
{1} tempest.api.volume.admin.test_volume_hosts.VolumeHostsAdminTestsJSON.test_show_host [0.119485s] ... ok
{0} tempest.api.volume.test_volumes_snapshots.VolumesSnapshotTestJSON.test_volume_from_snapshot [86.714610s] ... ok
{2} tempest.api.compute.volumes.test_attach_volume.AttachVolumeShelveTestJSON.test_detach_volume_shelved_or_offload_server [164.298940s] ... ok
{3} tempest.api.volume.test_volume_delete_cascade.VolumesDeleteCascade.test_volume_from_snapshot_cascade_delete [158.574243s] ... ok
{0} tempest.api.volume.test_volumes_snapshots.VolumesSnapshotTestJSON.test_volume_from_snapshot_no_size [116.284415s] ... ok
{3} tempest.api.volume.test_volume_transfers.VolumesTransfersTest.test_create_get_list_accept_volume_transfer [25.351170s] ... ok
{1} tempest.api.volume.admin.test_volume_retype.VolumeRetypeMultiattachTest.test_volume_retype_multiattach [162.298277s] ... ok
{0} tempest.api.volume.test_volumes_snapshots_negative.VolumesSnapshotNegativeTestJSON.test_create_snapshot_with_nonexistent_volume_id [0.170568s] ... ok
{0} tempest.api.volume.test_volumes_snapshots_negative.VolumesSnapshotNegativeTestJSON.test_create_snapshot_without_passing_volume_id [0.218399s] ... ok
{0} tempest.api.volume.test_volumes_snapshots_negative.VolumesSnapshotNegativeTestJSON.test_list_snapshot_invalid_param_limit [0.018712s] ... ok
{0} tempest.api.volume.test_volumes_snapshots_negative.VolumesSnapshotNegativeTestJSON.test_list_snapshots_invalid_param_marker [0.029015s] ... ok
{0} tempest.api.volume.test_volumes_snapshots_negative.VolumesSnapshotNegativeTestJSON.test_list_snapshots_invalid_param_sort [0.024787s] ... ok
{3} tempest.api.volume.test_volume_transfers.VolumesTransfersTest.test_create_list_delete_volume_transfer [33.686939s] ... ok
{1} tempest.api.volume.admin.test_volume_retype.VolumeRetypeWithoutMigrationTest.test_available_volume_retype [14.843532s] ... ok
{3} tempest.api.volume.test_volume_transfers.VolumesTransfersV357Test.test_create_get_list_accept_volume_transfer [11.815835s] ... ok
{1} tempest.api.volume.admin.test_volume_type_access.VolumeTypesAccessTest.test_volume_type_access_add [9.445980s] ... ok
{1} tempest.api.volume.admin.test_volume_type_access.VolumeTypesAccessTest.test_volume_type_access_list [0.339812s] ... ok
{1} tempest.api.volume.admin.test_volume_types_extra_specs.VolumeTypesExtraSpecsTest.test_volume_type_extra_spec_create_get_delete [0.192938s] ... ok
{1} tempest.api.volume.admin.test_volume_types_extra_specs.VolumeTypesExtraSpecsTest.test_volume_type_extra_specs_list [0.094145s] ... ok
{1} tempest.api.volume.admin.test_volume_types_extra_specs.VolumeTypesExtraSpecsTest.test_volume_type_extra_specs_update [0.257918s] ... ok
{1} tempest.api.volume.admin.test_volume_types_extra_specs_negative.ExtraSpecsNegativeTest.test_create_invalid_body [0.021102s] ... ok
{1} tempest.api.volume.admin.test_volume_types_extra_specs_negative.ExtraSpecsNegativeTest.test_create_none_body [0.020324s] ... ok
{1} tempest.api.volume.admin.test_volume_types_extra_specs_negative.ExtraSpecsNegativeTest.test_create_nonexistent_type_id [0.038618s] ... ok
{1} tempest.api.volume.admin.test_volume_types_extra_specs_negative.ExtraSpecsNegativeTest.test_delete_nonexistent_volume_type_id [0.024271s] ... ok
{1} tempest.api.volume.admin.test_volume_types_extra_specs_negative.ExtraSpecsNegativeTest.test_get_nonexistent_extra_spec_name [0.031148s] ... ok
{1} tempest.api.volume.admin.test_volume_types_extra_specs_negative.ExtraSpecsNegativeTest.test_get_nonexistent_volume_type_id [0.025383s] ... ok
{1} tempest.api.volume.admin.test_volume_types_extra_specs_negative.ExtraSpecsNegativeTest.test_list_nonexistent_volume_type_id [0.026971s] ... ok
{1} tempest.api.volume.admin.test_volume_types_extra_specs_negative.ExtraSpecsNegativeTest.test_update_multiple_extra_spec [0.019865s] ... ok
{1} tempest.api.volume.admin.test_volume_types_extra_specs_negative.ExtraSpecsNegativeTest.test_update_no_body [0.019323s] ... ok
{1} tempest.api.volume.admin.test_volume_types_extra_specs_negative.ExtraSpecsNegativeTest.test_update_none_extra_spec_id [0.039593s] ... ok
{1} tempest.api.volume.admin.test_volume_types_extra_specs_negative.ExtraSpecsNegativeTest.test_update_nonexistent_extra_spec_id [0.039579s] ... ok
{1} tempest.api.volume.admin.test_volume_types_extra_specs_negative.ExtraSpecsNegativeTest.test_update_nonexistent_type_id [0.034104s] ... ok
{1} tempest.api.volume.test_extensions.ExtensionsTestJSON.test_list_extensions [0.160628s] ... ok
{3} tempest.api.volume.test_volume_transfers.VolumesTransfersV357Test.test_create_list_delete_volume_transfer [59.296742s] ... ok
{0} tempest.api.volume.test_volumes_snapshots_negative.VolumesSnapshotNegativeTestJSON.test_volume_from_snapshot_decreasing_size [85.129364s] ... ok
{0} setUpClass (tempest.scenario.test_encrypted_cinder_volumes.TestEncryptedCinderVolumes) ... SKIPPED: Encrypted volume attach is not supported
{1} tempest.api.volume.test_snapshot_metadata.SnapshotMetadataTestJSON.test_crud_snapshot_metadata [0.306615s] ... ok
{1} tempest.api.volume.test_snapshot_metadata.SnapshotMetadataTestJSON.test_update_show_snapshot_metadata_item [0.268608s] ... ok
{3} tempest.api.volume.test_volumes_actions.VolumesActionsTest.test_attach_detach_volume_to_instance [23.193601s] ... ok
{1} setUpClass (tempest.api.volume.test_volumes_backup.VolumesBackupsTest) ... SKIPPED: Cinder backup feature disabled
{3} tempest.api.volume.test_volumes_actions.VolumesActionsTest.test_get_volume_attachment [23.041785s] ... ok
{3} tempest.api.volume.test_volumes_actions.VolumesActionsTest.test_reserve_unreserve_volume [0.213518s] ... ok
{3} tempest.api.volume.test_volumes_actions.VolumesActionsTest.test_volume_bootable [0.231347s] ... ok
{3} tempest.api.volume.test_volumes_actions.VolumesActionsTest.test_volume_readonly_update [0.225184s] ... ok
{2} tempest.api.compute.volumes.test_attach_volume_negative.AttachVolumeNegativeTest.test_attach_attached_volume_to_different_server [192.270346s] ... ok
{3} tempest.api.volume.test_volumes_actions.VolumesActionsTest.test_volume_upload [32.477112s] ... ok
{3} setUpClass (tempest.api.volume.test_volumes_backup.VolumesBackupsV39Test) ... SKIPPED: Cinder backup feature disabled
{3} tempest.api.volume.test_volumes_negative.VolumesNegativeTest.test_attach_volumes_with_nonexistent_volume_id [21.478286s] ... ok
{3} tempest.api.volume.test_volumes_negative.VolumesNegativeTest.test_create_volume_from_deactivated_image [2.514529s] ... ok
{3} tempest.api.volume.test_volumes_negative.VolumesNegativeTest.test_create_volume_from_image_with_decreasing_size [2.185105s] ... ok
{3} tempest.api.volume.test_volumes_negative.VolumesNegativeTest.test_create_volume_with_invalid_size [0.017510s] ... ok
{3} tempest.api.volume.test_volumes_negative.VolumesNegativeTest.test_create_volume_with_nonexistent_snapshot_id [0.032340s] ... ok
{3} tempest.api.volume.test_volumes_negative.VolumesNegativeTest.test_create_volume_with_nonexistent_source_volid [0.034412s] ... ok
{3} tempest.api.volume.test_volumes_negative.VolumesNegativeTest.test_create_volume_with_nonexistent_volume_type [0.036622s] ... ok
{3} tempest.api.volume.test_volumes_negative.VolumesNegativeTest.test_create_volume_with_size_negative [0.018522s] ... ok
{3} tempest.api.volume.test_volumes_negative.VolumesNegativeTest.test_create_volume_with_size_zero [0.020435s] ... ok
{3} tempest.api.volume.test_volumes_negative.VolumesNegativeTest.test_create_volume_without_passing_size [0.019226s] ... ok
{3} tempest.api.volume.test_volumes_negative.VolumesNegativeTest.test_delete_invalid_volume_id [0.032615s] ... ok
{3} tempest.api.volume.test_volumes_negative.VolumesNegativeTest.test_delete_volume_without_passing_volume_id [0.010445s] ... ok
{3} tempest.api.volume.test_volumes_negative.VolumesNegativeTest.test_detach_volumes_with_invalid_volume_id [0.030988s] ... ok
{3} tempest.api.volume.test_volumes_negative.VolumesNegativeTest.test_get_invalid_volume_id [0.042194s] ... ok
{3} tempest.api.volume.test_volumes_negative.VolumesNegativeTest.test_get_volume_without_passing_volume_id [0.006830s] ... ok
{3} tempest.api.volume.test_volumes_negative.VolumesNegativeTest.test_list_volumes_detail_with_invalid_status [0.067956s] ... ok
{3} tempest.api.volume.test_volumes_negative.VolumesNegativeTest.test_list_volumes_detail_with_nonexistent_name [0.075158s] ... ok
{3} tempest.api.volume.test_volumes_negative.VolumesNegativeTest.test_list_volumes_with_invalid_status [0.038145s] ... ok
{3} tempest.api.volume.test_volumes_negative.VolumesNegativeTest.test_list_volumes_with_nonexistent_name [0.062540s] ... ok
{3} tempest.api.volume.test_volumes_negative.VolumesNegativeTest.test_reserve_volume_with_negative_volume_status [0.141592s] ... ok
{3} tempest.api.volume.test_volumes_negative.VolumesNegativeTest.test_reserve_volume_with_nonexistent_volume_id [0.030711s] ... ok
{3} tempest.api.volume.test_volumes_negative.VolumesNegativeTest.test_unreserve_volume_with_nonexistent_volume_id [0.041719s] ... ok
{3} tempest.api.volume.test_volumes_negative.VolumesNegativeTest.test_update_volume_with_empty_volume_id [0.013939s] ... ok
{3} tempest.api.volume.test_volumes_negative.VolumesNegativeTest.test_update_volume_with_invalid_volume_id [0.033738s] ... ok
{3} tempest.api.volume.test_volumes_negative.VolumesNegativeTest.test_update_volume_with_nonexistent_volume_id [0.033714s] ... ok
{3} tempest.api.volume.test_volumes_negative.VolumesNegativeTest.test_volume_delete_nonexistent_volume_id [0.039147s] ... ok
{3} tempest.api.volume.test_volumes_negative.VolumesNegativeTest.test_volume_extend_with_None_size [0.020645s] ... ok
{3} tempest.api.volume.test_volumes_negative.VolumesNegativeTest.test_volume_extend_with_non_number_size [0.022564s] ... ok
{3} tempest.api.volume.test_volumes_negative.VolumesNegativeTest.test_volume_extend_with_nonexistent_volume_id [0.030832s] ... ok
{3} tempest.api.volume.test_volumes_negative.VolumesNegativeTest.test_volume_extend_with_size_smaller_than_original_size [0.018775s] ... ok
{3} tempest.api.volume.test_volumes_negative.VolumesNegativeTest.test_volume_extend_without_passing_volume_id [0.032849s] ... ok
{3} tempest.api.volume.test_volumes_negative.VolumesNegativeTest.test_volume_get_nonexistent_volume_id [0.029852s] ... ok
{1} tempest.api.volume.test_volumes_clone.VolumesCloneTest.test_create_from_bootable_volume [80.385947s] ... ok
{2} tempest.api.compute.volumes.test_attach_volume_negative.AttachVolumeNegativeTest.test_attach_attached_volume_to_same_server [119.072983s] ... ok
{1} tempest.api.volume.test_volumes_clone.VolumesCloneTest.test_create_from_volume [67.943994s] ... ok
{1} tempest.api.volume.test_volumes_clone_negative.VolumesCloneNegativeTest.test_create_from_volume_decreasing_size [8.062230s] ... ok
{0} tempest.scenario.test_instances_with_cinder_volumes.TestInstancesWithCinderVolumes.test_instances_with_cinder_volumes_on_all_compute_nodes [249.616470s] ... ok
{1} tempest.api.volume.test_volumes_extend.VolumesExtendTest.test_volume_extend [54.254668s] ... ok
{0} tempest.scenario.test_volume_boot_pattern.TestVolumeBootPattern.test_boot_server_from_encrypted_volume_luks ... SKIPPED: Encrypted volume attach is not supported
{0} tempest.scenario.test_volume_boot_pattern.TestVolumeBootPattern.test_boot_server_from_encrypted_volume_luksv2 ... SKIPPED: Encrypted volume attach is not supported
{1} tempest.api.volume.test_volumes_get.VolumesGetTest.test_volume_create_get_update_delete [16.193629s] ... ok
{2} tempest.api.compute.volumes.test_attach_volume_negative.AttachVolumeNegativeTest.test_delete_attached_volume [132.486838s] ... ok
{2} setUpClass (tempest.api.volume.admin.test_encrypted_volumes_extend.EncryptedVolumesExtendAttachedTest) ... SKIPPED: Attached encrypted volume extend is disabled.
{2} tempest.api.volume.admin.test_group_types.GroupTypesTest.test_group_type_create_list_update_show_delete [0.373214s] ... ok
{2} tempest.api.volume.admin.test_group_types.GroupTypesTest.test_group_type_list_by_optional_params [0.297987s] ... ok
{2} setUpClass (tempest.api.volume.admin.test_snapshot_manage.SnapshotManageAdminTest) ... SKIPPED: Manage snapshot tests are disabled
{1} tempest.api.volume.test_volumes_get.VolumesGetTest.test_volume_create_get_update_delete_as_clone [69.884224s] ... ok
{3} tempest.scenario.test_minimum_basic.TestMinimumBasicScenario.test_minimum_basic_instance_hard_reboot_after_vol_snap_deletion [215.307215s] ... ok
{2} tempest.api.volume.admin.test_snapshots_actions.SnapshotsActionsTest.test_reset_snapshot_status [0.253826s] ... ok
{2} tempest.api.volume.admin.test_snapshots_actions.SnapshotsActionsTest.test_snapshot_force_delete_when_snapshot_is_creating [56.516737s] ... ok
{1} tempest.api.volume.test_volumes_get.VolumesGetTest.test_volume_create_get_update_delete_from_image [73.969793s] ... ok
{1} setUpClass (cinder_tempest_plugin.api.volume.test_multiple_volume_from_resource.CreateVolumesFromBackupTest) ... SKIPPED: Cinder backup feature disabled
{2} tempest.api.volume.admin.test_snapshots_actions.SnapshotsActionsTest.test_snapshot_force_delete_when_snapshot_is_deleting [59.509442s] ... ok
{1} cinder_tempest_plugin.api.volume.test_multiple_volume_from_resource.CreateVolumesFromSnapshotTest.test_create_multiple_volume_from_snapshot [64.467373s] ... ok
{2} tempest.api.volume.admin.test_snapshots_actions.SnapshotsActionsTest.test_snapshot_force_delete_when_snapshot_is_error [29.512258s] ... ok
{3} tempest.scenario.test_minimum_basic.TestMinimumBasicScenario.test_minimum_basic_scenario [176.318697s] ... ok
{2} tempest.api.volume.admin.test_snapshots_actions.SnapshotsActionsTest.test_snapshot_force_delete_when_snapshot_is_error_deleting [30.507180s] ... ok
{2} tempest.api.volume.admin.test_snapshots_actions.SnapshotsActionsTest.test_update_snapshot_status [0.270692s] ... ok
{0} tempest.scenario.test_volume_boot_pattern.TestVolumeBootPattern.test_image_defined_boot_from_volume [308.890581s] ... ok
{1} setUpClass (cinder_tempest_plugin.api.volume.test_volume_backup.VolumesBackupsTest) ... SKIPPED: Cinder backup feature disabled
{1} cinder_tempest_plugin.api.volume.test_volume_unicode.CinderUnicodeTest.test_create_delete_unicode_volume_name [0.063470s] ... ok
{1} cinder_tempest_plugin.api.volume.test_volume_unicode.CinderUnicodeTest.test_snapshot_create_volume_description_non_ascii_code [11.978616s] ... ok
{2} tempest.api.volume.admin.test_volume_manage.VolumeManageAdminTest.test_unmanage_manage_volume [25.689312s] ... ok
{2} tempest.api.volume.admin.test_volume_quota_classes.VolumeQuotaClassesTest.test_show_default_quota [0.183787s] ... ok
{2} tempest.api.volume.admin.test_volume_quota_classes.VolumeQuotaClassesTest.test_update_default_quota [0.876389s] ... ok
{2} tempest.api.volume.admin.test_volume_services_negative.VolumeServicesNegativeTest.test_disable_log_reason_with_no_reason [0.020343s] ... ok
{2} tempest.api.volume.admin.test_volume_services_negative.VolumeServicesNegativeTest.test_disable_service_with_invalid_binary [0.031714s] ... ok
{2} tempest.api.volume.admin.test_volume_services_negative.VolumeServicesNegativeTest.test_enable_service_with_invalid_host [0.020921s] ... ok
{2} tempest.api.volume.admin.test_volume_services_negative.VolumeServicesNegativeTest.test_freeze_host_with_invalid_host [0.029127s] ... ok
{2} tempest.api.volume.admin.test_volume_services_negative.VolumeServicesNegativeTest.test_thaw_host_with_invalid_host [0.028542s] ... ok
{2} tempest.api.volume.test_availability_zone.AvailabilityZoneTestJSON.test_get_availability_zone_list [0.158553s] ... ok
{2} tempest.api.volume.test_versions.VersionsTest.test_list_versions [0.011981s] ... ok
{2} tempest.api.volume.test_versions.VersionsTest.test_show_version [0.171296s] ... ok
{2} tempest.api.volume.test_volume_absolute_limits.AbsoluteLimitsTests.test_get_volume_absolute_limits [0.109270s] ... ok
{1} setUpClass (cinder_tempest_plugin.rbac.v3.test_user_messages.ProjectReaderTests) ... SKIPPED: Tempest is not configured to enforce_scope for cinder, skipping RBAC tests. To enable these tests set `tempest.conf [enforce_scope] cinder=True`.
{1} setUpClass (cinder_tempest_plugin.rbac.v3.test_volume_types.VolumeTypesMemberTests) ... SKIPPED: Tempest is not configured to enforce_scope for cinder, skipping RBAC tests. To enable these tests set `tempest.conf [enforce_scope] cinder=True`.
{1} setUpClass (cinder_tempest_plugin.rbac.v3.test_volume_types.VolumeTypesReaderTests) ... SKIPPED: Tempest is not configured to enforce_scope for cinder, skipping RBAC tests. To enable these tests set `tempest.conf [enforce_scope] cinder=True`.
{1} setUpClass (cinder_tempest_plugin.rbac.v3.test_volumes.ProjectReaderTests) ... SKIPPED: Tempest is not configured to enforce_scope for cinder, skipping RBAC tests. To enable these tests set `tempest.conf [enforce_scope] cinder=True`.
{2} tempest.api.volume.test_volume_transfers.VolumesTransfersV355Test.test_create_get_list_accept_volume_transfer [8.434603s] ... ok
{2} tempest.api.volume.test_volume_transfers.VolumesTransfersV355Test.test_create_list_delete_volume_transfer [10.268928s] ... ok
{2} tempest.api.volume.test_volumes_get.VolumesSummaryTest.test_show_volume_summary [0.175680s] ... ok
{2} tempest.api.volume.test_volumes_list.VolumesListTestJSON.test_volume_list [0.029814s] ... ok
{2} tempest.api.volume.test_volumes_list.VolumesListTestJSON.test_volume_list_by_name [0.052376s] ... ok
{2} tempest.api.volume.test_volumes_list.VolumesListTestJSON.test_volume_list_details_by_name [0.081289s] ... ok
{2} tempest.api.volume.test_volumes_list.VolumesListTestJSON.test_volume_list_details_pagination [0.336429s] ... ok
{2} tempest.api.volume.test_volumes_list.VolumesListTestJSON.test_volume_list_details_with_multiple_params [0.163057s] ... ok
{2} tempest.api.volume.test_volumes_list.VolumesListTestJSON.test_volume_list_pagination [0.216857s] ... ok
{2} tempest.api.volume.test_volumes_list.VolumesListTestJSON.test_volume_list_param_display_name_and_status [0.070324s] ... ok
{2} tempest.api.volume.test_volumes_list.VolumesListTestJSON.test_volume_list_with_detail_param_display_name_and_status [0.079687s] ... ok
{2} tempest.api.volume.test_volumes_list.VolumesListTestJSON.test_volume_list_with_detail_param_marker [0.092427s] ... ok
{2} tempest.api.volume.test_volumes_list.VolumesListTestJSON.test_volume_list_with_detail_param_metadata [0.086339s] ... ok
{2} tempest.api.volume.test_volumes_list.VolumesListTestJSON.test_volume_list_with_details [0.063265s] ... ok
{2} tempest.api.volume.test_volumes_list.VolumesListTestJSON.test_volume_list_with_param_metadata [0.065478s] ... ok
{2} tempest.api.volume.test_volumes_list.VolumesListTestJSON.test_volumes_list_by_availability_zone [0.112018s] ... ok
{2} tempest.api.volume.test_volumes_list.VolumesListTestJSON.test_volumes_list_by_bootable [0.095066s] ... ok
{2} tempest.api.volume.test_volumes_list.VolumesListTestJSON.test_volumes_list_by_status [0.125440s] ... ok
{2} tempest.api.volume.test_volumes_list.VolumesListTestJSON.test_volumes_list_details_by_availability_zone [0.064748s] ... ok
{2} tempest.api.volume.test_volumes_list.VolumesListTestJSON.test_volumes_list_details_by_bootable [0.254539s] ... ok
{2} tempest.api.volume.test_volumes_list.VolumesListTestJSON.test_volumes_list_details_by_status [0.069998s] ... ok
{2} tempest.api.volume.test_volumes_snapshots_list.VolumesSnapshotListTestJSON.test_snapshot_list_param_limit [0.037220s] ... ok
{2} tempest.api.volume.test_volumes_snapshots_list.VolumesSnapshotListTestJSON.test_snapshot_list_param_limit_equals_infinite [0.070560s] ... ok
{2} tempest.api.volume.test_volumes_snapshots_list.VolumesSnapshotListTestJSON.test_snapshot_list_param_limit_equals_zero [0.032066s] ... ok
{2} tempest.api.volume.test_volumes_snapshots_list.VolumesSnapshotListTestJSON.test_snapshot_list_param_marker [0.097397s] ... ok
{2} tempest.api.volume.test_volumes_snapshots_list.VolumesSnapshotListTestJSON.test_snapshot_list_param_offset [0.045054s] ... ok
{2} tempest.api.volume.test_volumes_snapshots_list.VolumesSnapshotListTestJSON.test_snapshot_list_param_sort_created_at_asc [0.045613s] ... ok
{2} tempest.api.volume.test_volumes_snapshots_list.VolumesSnapshotListTestJSON.test_snapshot_list_param_sort_created_at_desc [0.037318s] ... ok
{2} tempest.api.volume.test_volumes_snapshots_list.VolumesSnapshotListTestJSON.test_snapshot_list_param_sort_id_asc [0.045075s] ... ok
{2} tempest.api.volume.test_volumes_snapshots_list.VolumesSnapshotListTestJSON.test_snapshot_list_param_sort_id_desc [0.045488s] ... ok
{2} tempest.api.volume.test_volumes_snapshots_list.VolumesSnapshotListTestJSON.test_snapshot_list_param_sort_name_asc [0.044265s] ... ok
{2} tempest.api.volume.test_volumes_snapshots_list.VolumesSnapshotListTestJSON.test_snapshot_list_param_sort_name_desc [0.046092s] ... ok
{2} tempest.api.volume.test_volumes_snapshots_list.VolumesSnapshotListTestJSON.test_snapshots_list_details_with_params [0.138087s] ... ok
{2} tempest.api.volume.test_volumes_snapshots_list.VolumesSnapshotListTestJSON.test_snapshots_list_with_params [0.100812s] ... ok
{3} tempest.scenario.test_stamp_pattern.TestStampPattern.test_stamp_pattern [311.297234s] ... ok
{3} setUpClass (cinder_tempest_plugin.api.volume.admin.test_volume_backup.VolumesBackupsTest) ... SKIPPED: Cinder backup feature disabled
{3} cinder_tempest_plugin.api.volume.test_multiple_volume_from_resource.CreateVolumesFromImageTest.test_create_from_image_multiple [11.137533s] ... ok
{3} setUpClass (cinder_tempest_plugin.rbac.v3.test_backups.ProjectAdminTests39) ... SKIPPED: Tempest is not configured to enforce_scope for cinder, skipping RBAC tests. To enable these tests set `tempest.conf [enforce_scope] cinder=True`.
{3} setUpClass (cinder_tempest_plugin.rbac.v3.test_backups.ProjectReaderTests39) ... SKIPPED: Tempest is not configured to enforce_scope for cinder, skipping RBAC tests. To enable these tests set `tempest.conf [enforce_scope] cinder=True`.
{3} setUpClass (cinder_tempest_plugin.rbac.v3.test_capabilities.ProjectMemberTests) ... SKIPPED: Tempest is not configured to enforce_scope for cinder, skipping RBAC tests. To enable these tests set `tempest.conf [enforce_scope] cinder=True`.
{3} setUpClass (cinder_tempest_plugin.rbac.v3.test_capabilities.ProjectReaderTests) ... SKIPPED: Tempest is not configured to enforce_scope for cinder, skipping RBAC tests. To enable these tests set `tempest.conf [enforce_scope] cinder=True`.
{3} setUpClass (cinder_tempest_plugin.rbac.v3.test_snapshots.ProjectMemberTests) ... SKIPPED: Tempest is not configured to enforce_scope for cinder, skipping RBAC tests. To enable these tests set `tempest.conf [enforce_scope] cinder=True`.
{3} setUpClass (cinder_tempest_plugin.rbac.v3.test_snapshots.ProjectReaderTests) ... SKIPPED: Tempest is not configured to enforce_scope for cinder, skipping RBAC tests. To enable these tests set `tempest.conf [enforce_scope] cinder=True`.
{3} setUpClass (cinder_tempest_plugin.rbac.v3.test_volume_actions.ProjectReaderTests) ... SKIPPED: Tempest is not configured to enforce_scope for cinder, skipping RBAC tests. To enable these tests set `tempest.conf [enforce_scope] cinder=True`.
{3} setUpClass (cinder_tempest_plugin.scenario.test_encrypted_volume_transfer.TransferEncryptedVolumeTest) ... SKIPPED: Encrypted volume attach is not supported
{3} setUpClass (cinder_tempest_plugin.scenario.test_volume_concurrency.ConcurrentVolumeActionsTest) ... SKIPPED: Concurrency tests are disabled.
{0} tempest.scenario.test_volume_boot_pattern.TestVolumeBootPattern.test_volume_boot_pattern [353.158712s] ... ok
{0} cinder_tempest_plugin.api.volume.test_multiple_volume_from_resource.CreateVolumesFromSourceVolumeTest.test_create_multiple_volume_from_source_volume [10.648214s] ... ok
{2} tempest.scenario.test_server_volume_attachment.TestServerVolumeAttachScenarioOldVersion.test_old_versions_reject [123.847633s] ... ok
{0} cinder_tempest_plugin.api.volume.test_volume_dependency.VolumeDependencyTests.test_delete_dep_chain [142.782955s] ... ok
{2} tempest.scenario.test_server_volume_attachment.TestServerVolumeAttachmentScenario.test_server_detach_rules [159.914473s] ... ok
{0} cinder_tempest_plugin.api.volume.test_volume_dependency.VolumeDependencyTests.test_delete_dep_chain_2 [108.445428s] ... ok
{0} cinder_tempest_plugin.api.volume.test_volume_dependency.VolumeDependencyTests.test_delete_source_snapshot [68.071627s] ... ok
{0} cinder_tempest_plugin.api.volume.test_volume_dependency.VolumeDependencyTests.test_delete_source_volume [38.951991s] ... ok
{2} tempest.scenario.test_shelve_instance.TestShelveInstance.test_shelve_volume_backed_instance [199.661401s] ... ok
{2} setUpClass (tempest.scenario.test_volume_backup_restore.TestVolumeBackupRestore) ... SKIPPED: Backup is not enable.
{2} setUpClass (tempest.scenario.test_volume_migrate_attached.TestVolumeMigrateRetypeAttached) ... SKIPPED: Cinder multi-backend feature disabled
{0} cinder_tempest_plugin.api.volume.test_volume_dependency.VolumeImageDependencyTests.test_image_volume_dependencies_1 [27.053986s] ... ok
{2} cinder_tempest_plugin.api.volume.admin.test_consistencygroups.ConsistencyGroupsV2Test.test_consistencygroup_cgsnapshot_create_delete [56.711779s] ... ok
{2} cinder_tempest_plugin.api.volume.admin.test_consistencygroups.ConsistencyGroupsV2Test.test_consistencygroup_create_delete [8.560049s] ... ok
{0} cinder_tempest_plugin.api.volume.test_volume_dependency.VolumeImageDependencyTests.test_image_volume_dependencies_2 [79.068177s] ... ok
{2} cinder_tempest_plugin.api.volume.admin.test_consistencygroups.ConsistencyGroupsV2Test.test_create_consistencygroup_from_cgsnapshot [101.550283s] ... ok
{0} cinder_tempest_plugin.api.volume.test_volume_dependency.VolumeImageDependencyTests.test_image_volume_dependencies_3 [130.162108s] ... ok
{2} cinder_tempest_plugin.api.volume.admin.test_consistencygroups.ConsistencyGroupsV2Test.test_create_consistencygroup_from_consistencygroup [67.623269s] ... ok
{0} setUpClass (cinder_tempest_plugin.rbac.v3.test_backups.ProjectMemberTests33) ... SKIPPED: Tempest is not configured to enforce_scope for cinder, skipping RBAC tests. To enable these tests set `tempest.conf [enforce_scope] cinder=True`.
{0} setUpClass (cinder_tempest_plugin.rbac.v3.test_backups.ProjectMemberTests39) ... SKIPPED: Tempest is not configured to enforce_scope for cinder, skipping RBAC tests. To enable these tests set `tempest.conf [enforce_scope] cinder=True`.
{0} setUpClass (cinder_tempest_plugin.rbac.v3.test_backups.ProjectReaderTests33) ... SKIPPED: Tempest is not configured to enforce_scope for cinder, skipping RBAC tests. To enable these tests set `tempest.conf [enforce_scope] cinder=True`.
{0} setUpClass (cinder_tempest_plugin.rbac.v3.test_capabilities.ProjectAdminTests) ... SKIPPED: Tempest is not configured to enforce_scope for cinder, skipping RBAC tests. To enable these tests set `tempest.conf [enforce_scope] cinder=True`.
{0} setUpClass (cinder_tempest_plugin.rbac.v3.test_user_messages.ProjectMemberTests) ... SKIPPED: Tempest is not configured to enforce_scope for cinder, skipping RBAC tests. To enable these tests set `tempest.conf [enforce_scope] cinder=True`.
{0} setUpClass (cinder_tempest_plugin.rbac.v3.test_volume_types.VolumeTypesAdminTests) ... SKIPPED: Tempest is not configured to enforce_scope for cinder, skipping RBAC tests. To enable these tests set `tempest.conf [enforce_scope] cinder=True`.
{2} cinder_tempest_plugin.api.volume.test_create_from_image.VolumeAndVolumeTypeFromImageTest.test_create_from_image_with_volume_type_image_property [20.343041s] ... ok
{2} cinder_tempest_plugin.api.volume.test_volume_revert.VolumeRevertTests.test_volume_revert_to_snapshot [28.308648s] ... ok
{2} setUpClass (cinder_tempest_plugin.rbac.v3.test_backups.ProjectAdminTests33) ... SKIPPED: Tempest is not configured to enforce_scope for cinder, skipping RBAC tests. To enable these tests set `tempest.conf [enforce_scope] cinder=True`.
{2} setUpClass (cinder_tempest_plugin.rbac.v3.test_user_messages.ProjectAdminTests) ... SKIPPED: Tempest is not configured to enforce_scope for cinder, skipping RBAC tests. To enable these tests set `tempest.conf [enforce_scope] cinder=True`.
{2} setUpClass (cinder_tempest_plugin.scenario.test_volume_encrypted.TestEncryptedCinderVolumes) ... SKIPPED: Encrypted volume attach is not supported
{0} cinder_tempest_plugin.scenario.test_snapshots.SnapshotDependencyTests.test_snapshot_removal [95.230975s] ... ok
{0} cinder_tempest_plugin.scenario.test_volume_multiattach.VolumeMultiattachTests.test_multiattach_data_integrity [330.759502s] ... ok
{0} cinder_tempest_plugin.scenario.test_volume_multiattach.VolumeMultiattachTests.test_volume_multiattach_same_host_negative [120.381949s] ... ok

======
Totals
======
Ran: 321 tests in 3813.7899 sec.
 - Passed: 275
 - Skipped: 46
 - Expected Fail: 0
 - Unexpected Success: 0
 - Failed: 0
Sum of execute time for each test: 9891.5075 sec.

==============
Worker Balance
==============
 - Worker 0 (72 tests) => 1:03:33.789910
 - Worker 1 (71 tests) => 0:38:08.954906
 - Worker 2 (83 tests) => 0:55:49.022542
 - Worker 3 (95 tests) => 0:42:11.614643
___________________________________ summary ____________________________________
  all: commands succeeded
  congratulations :)
commit_id: d149436a1
2025/10/17 07:18:48
